INFO  02:58:26 Application started. Press Ctrl+C to shut down.
INFO  02:58:26 Hosting environment: Development
INFO  02:58:26 Content root path: C:\Users\somu\source\repos\ConsumerMicroservice\ConsumerMicroservice
INFO  02:58:45 ViewConsumerBusiness Method Called
INFO  03:06:46 Application started. Press Ctrl+C to shut down.
INFO  03:06:46 Hosting environment: Development
INFO  03:06:46 Content root path: C:\Users\somu\source\repos\ConsumerMicroservice\ConsumerMicroservice
INFO  03:07:01 ViewConsumerBusiness Method Called
INFO  03:15:31 Application started. Press Ctrl+C to shut down.
INFO  03:15:31 Hosting environment: Development
INFO  03:15:31 Content root path: C:\Users\somu\source\repos\ConsumerMicroservice\ConsumerMicroservice
INFO  03:15:55 CreateConsumerBusiness Method Called
INFO  05:00:31 Application started. Press Ctrl+C to shut down.
INFO  05:00:31 Hosting environment: Development
INFO  05:00:31 Content root path: C:\Users\somu\source\repos\ConsumerMicroservice\ConsumerMicroservice
INFO  05:05:45 Application started. Press Ctrl+C to shut down.
INFO  05:05:45 Hosting environment: Development
INFO  05:05:45 Content root path: C:\Users\somu\source\repos\ConsumerMicroservice\ConsumerMicroservice
INFO  05:06:04 Application started. Press Ctrl+C to shut down.
INFO  05:06:04 Hosting environment: Development
INFO  05:06:04 Content root path: C:\Users\somu\source\repos\ConsumerMicroservice\ConsumerMicroservice
INFO  05:06:54 CreateConsumerBusiness Method Called
INFO  05:06:54 Post : ConsumerBusiness created
INFO  05:07:08 ViewConsumerBusiness Method Called
INFO  05:07:08 Get ConsumerBusiness by CustomerId 
INFO  05:07:55 UpdateConsumerBusiness Method Called
INFO  05:07:55 Put : ConsumerBusiness Updated
INFO  05:07:58 ViewConsumerBusiness Method Called
INFO  05:07:58 Get ConsumerBusiness by CustomerId 
INFO  05:08:50 CreateBusinessProperty Method Called
INFO  05:08:50 Post : BusinessProperty created
INFO  05:09:08 ViewConsumerProperty Method Called
INFO  05:09:08 Get ConsumerProperty by CustomerId and PropertyId 
INFO  05:09:16 ViewConsumerProperty Method Called
INFO  05:09:16 Get ConsumerProperty by CustomerId and PropertyId 
INFO  05:10:19 UpdateBusinessProperty Method Called
INFO  05:10:19 Put : BusinessProperty Updated
INFO  05:10:25 ViewConsumerProperty Method Called
INFO  05:10:25 Get ConsumerProperty by CustomerId and PropertyId 
INFO  05:10:39 ViewConsumerProperty Method Called
INFO  05:10:39 Get ConsumerProperty by CustomerId and PropertyId 
INFO  11:23:17 Application started. Press Ctrl+C to shut down.
INFO  11:23:17 Hosting environment: Development
INFO  11:23:17 Content root path: C:\Users\910340\Downloads\ConsumerMicroservice\ConsumerMicroservice\ConsumerMicroservice
INFO  07:03:43 Application started. Press Ctrl+C to shut down.
INFO  07:03:43 Hosting environment: Development
INFO  07:03:43 Content root path: C:\Stage -3 and 4\Policy-Administration-System\ConsumerMicroservice\ConsumerMicroservice\ConsumerMicroservice
INFO  07:05:27 CreateConsumerBusiness Method Called
INFO  07:05:27 Post : ConsumerBusiness created
INFO  07:08:07 UpdateConsumerBusiness Method Called
INFO  07:10:12 Application started. Press Ctrl+C to shut down.
INFO  07:10:12 Hosting environment: Development
INFO  07:10:12 Content root path: C:\Stage -3 and 4\Policy-Administration-System\ConsumerMicroservice\ConsumerMicroservice\ConsumerMicroservice
INFO  07:10:12 UpdateConsumerBusiness Method Called
INFO  07:13:47 Application started. Press Ctrl+C to shut down.
INFO  07:13:47 Hosting environment: Development
INFO  07:13:47 Content root path: C:\Stage -3 and 4\Policy-Administration-System\ConsumerMicroservice\ConsumerMicroservice\ConsumerMicroservice
INFO  07:13:47 ViewConsumerBusiness Method Called
INFO  07:14:13 ViewConsumerProperty Method Called
ERROR 07:14:14 An unhandled exception has occurred while executing the request.
System.NullReferenceException: Object reference not set to an instance of an object.
   at ConsumerMicroservice.Repository.ConsumerRepository.ViewConsumerProperty(String ConsumerId, String PropertyId) in C:\Stage -3 and 4\Policy-Administration-System\ConsumerMicroservice\ConsumerMicroservice\ConsumerMicroservice\Repository\ConsumerRepository.cs:line 144
   at ConsumerMicroservice.Service.ConsumerService.ViewConsumerProperty(String ConsumerId, String PropertyId) in C:\Stage -3 and 4\Policy-Administration-System\ConsumerMicroservice\ConsumerMicroservice\ConsumerMicroservice\Service\ConsumerService.cs:line 61
   at ConsumerMicroservice.Controllers.ConsumerController.ViewConsumerProperty(String ConsumerId, String PropertyId) in C:\Stage -3 and 4\Policy-Administration-System\ConsumerMicroservice\ConsumerMicroservice\ConsumerMicroservice\Controllers\ConsumerController.cs:line 87
   at lambda_method(Closure , Object , Object[] )
   at Microsoft.Extensions.Internal.ObjectMethodExecutor.Execute(Object target, Object[] parameters)
   at Microsoft.AspNetCore.Mvc.Infrastructure.ActionMethodExecutor.SyncActionResultExecutor.Execute(IActionResultTypeMapper mapper, ObjectMethodExecutor executor, Object controller, Object[] arguments)
   at Microsoft.AspNetCore.Mvc.Infrastructure.ControllerActionInvoker.InvokeActionMethodAsync()
   at Microsoft.AspNetCore.Mvc.Infrastructure.ControllerActionInvoker.Next(State& next, Scope& scope, Object& state, Boolean& isCompleted)
   at Microsoft.AspNetCore.Mvc.Infrastructure.ControllerActionInvoker.InvokeNextActionFilterAsync()
--- End of stack trace from previous location where exception was thrown ---
   at Microsoft.AspNetCore.Mvc.Infrastructure.ControllerActionInvoker.Rethrow(ActionExecutedContextSealed context)
   at Microsoft.AspNetCore.Mvc.Infrastructure.ControllerActionInvoker.Next(State& next, Scope& scope, Object& state, Boolean& isCompleted)
   at Microsoft.AspNetCore.Mvc.Infrastructure.ControllerActionInvoker.InvokeInnerFilterAsync()
--- End of stack trace from previous location where exception was thrown ---
   at Microsoft.AspNetCore.Mvc.Infrastructure.ResourceInvoker.<InvokeFilterPipelineAsync>g__Awaited|19_0(ResourceInvoker invoker, Task lastTask, State next, Scope scope, Object state, Boolean isCompleted)
   at Microsoft.AspNetCore.Mvc.Infrastructure.ResourceInvoker.<InvokeAsync>g__Awaited|17_0(ResourceInvoker invoker, Task task, IDisposable scope)
   at Microsoft.AspNetCore.Routing.EndpointMiddleware.<Invoke>g__AwaitRequestTask|6_0(Endpoint endpoint, Task requestTask, ILogger logger)
   at Microsoft.AspNetCore.Authorization.AuthorizationMiddleware.Invoke(HttpContext context)
   at Swashbuckle.AspNetCore.SwaggerUI.SwaggerUIMiddleware.Invoke(HttpContext httpContext)
   at Swashbuckle.AspNetCore.Swagger.SwaggerMiddleware.Invoke(HttpContext httpContext, ISwaggerProvider swaggerProvider)
   at Microsoft.AspNetCore.Diagnostics.DeveloperExceptionPageMiddleware.Invoke(HttpContext context)
INFO  07:20:42 Application started. Press Ctrl+C to shut down.
INFO  07:20:42 Hosting environment: Development
INFO  07:20:42 Content root path: C:\Stage -3 and 4\Policy-Administration-System\ConsumerMicroservice\ConsumerMicroservice\ConsumerMicroservice
INFO  07:20:42 ViewConsumerProperty Method Called
ERROR 07:20:43 An unhandled exception has occurred while executing the request.
System.NullReferenceException: Object reference not set to an instance of an object.
   at ConsumerMicroservice.Repository.ConsumerRepository.ViewConsumerProperty(String ConsumerId, String PropertyId) in C:\Stage -3 and 4\Policy-Administration-System\ConsumerMicroservice\ConsumerMicroservice\ConsumerMicroservice\Repository\ConsumerRepository.cs:line 144
   at ConsumerMicroservice.Service.ConsumerService.ViewConsumerProperty(String ConsumerId, String PropertyId) in C:\Stage -3 and 4\Policy-Administration-System\ConsumerMicroservice\ConsumerMicroservice\ConsumerMicroservice\Service\ConsumerService.cs:line 61
   at ConsumerMicroservice.Controllers.ConsumerController.ViewConsumerProperty(String ConsumerId, String PropertyId) in C:\Stage -3 and 4\Policy-Administration-System\ConsumerMicroservice\ConsumerMicroservice\ConsumerMicroservice\Controllers\ConsumerController.cs:line 87
   at lambda_method(Closure , Object , Object[] )
   at Microsoft.Extensions.Internal.ObjectMethodExecutor.Execute(Object target, Object[] parameters)
   at Microsoft.AspNetCore.Mvc.Infrastructure.ActionMethodExecutor.SyncActionResultExecutor.Execute(IActionResultTypeMapper mapper, ObjectMethodExecutor executor, Object controller, Object[] arguments)
   at Microsoft.AspNetCore.Mvc.Infrastructure.ControllerActionInvoker.InvokeActionMethodAsync()
   at Microsoft.AspNetCore.Mvc.Infrastructure.ControllerActionInvoker.Next(State& next, Scope& scope, Object& state, Boolean& isCompleted)
   at Microsoft.AspNetCore.Mvc.Infrastructure.ControllerActionInvoker.InvokeNextActionFilterAsync()
--- End of stack trace from previous location where exception was thrown ---
   at Microsoft.AspNetCore.Mvc.Infrastructure.ControllerActionInvoker.Rethrow(ActionExecutedContextSealed context)
   at Microsoft.AspNetCore.Mvc.Infrastructure.ControllerActionInvoker.Next(State& next, Scope& scope, Object& state, Boolean& isCompleted)
   at Microsoft.AspNetCore.Mvc.Infrastructure.ControllerActionInvoker.InvokeInnerFilterAsync()
--- End of stack trace from previous location where exception was thrown ---
   at Microsoft.AspNetCore.Mvc.Infrastructure.ResourceInvoker.<InvokeFilterPipelineAsync>g__Awaited|19_0(ResourceInvoker invoker, Task lastTask, State next, Scope scope, Object state, Boolean isCompleted)
   at Microsoft.AspNetCore.Mvc.Infrastructure.ResourceInvoker.<InvokeAsync>g__Awaited|17_0(ResourceInvoker invoker, Task task, IDisposable scope)
   at Microsoft.AspNetCore.Routing.EndpointMiddleware.<Invoke>g__AwaitRequestTask|6_0(Endpoint endpoint, Task requestTask, ILogger logger)
   at Microsoft.AspNetCore.Authorization.AuthorizationMiddleware.Invoke(HttpContext context)
   at Swashbuckle.AspNetCore.SwaggerUI.SwaggerUIMiddleware.Invoke(HttpContext httpContext)
   at Swashbuckle.AspNetCore.Swagger.SwaggerMiddleware.Invoke(HttpContext httpContext, ISwaggerProvider swaggerProvider)
   at Microsoft.AspNetCore.Diagnostics.DeveloperExceptionPageMiddleware.Invoke(HttpContext context)
INFO  07:22:43 Application started. Press Ctrl+C to shut down.
INFO  07:22:43 Hosting environment: Development
INFO  07:22:43 Content root path: C:\Stage -3 and 4\Policy-Administration-System\ConsumerMicroservice\ConsumerMicroservice\ConsumerMicroservice
INFO  07:23:39 ViewConsumerProperty Method Called
INFO  07:26:43 Application started. Press Ctrl+C to shut down.
INFO  07:26:44 Hosting environment: Development
INFO  07:26:44 Content root path: C:\Stage -3 and 4\Policy-Administration-System\ConsumerMicroservice\ConsumerMicroservice\ConsumerMicroservice
INFO  07:27:45 UpdateConsumerBusiness Method Called
INFO  07:28:28 Application started. Press Ctrl+C to shut down.
INFO  07:28:28 Hosting environment: Development
INFO  07:28:28 Content root path: C:\Stage -3 and 4\Policy-Administration-System\ConsumerMicroservice\ConsumerMicroservice\ConsumerMicroservice
INFO  07:29:37 UpdateBusinessProperty Method Called
INFO  07:31:10 Application started. Press Ctrl+C to shut down.
INFO  07:31:10 Hosting environment: Development
INFO  07:31:10 Content root path: C:\Stage -3 and 4\Policy-Administration-System\ConsumerMicroservice\ConsumerMicroservice\ConsumerMicroservice
INFO  07:31:57 UpdateBusinessProperty Method Called
INFO  07:42:35 Application started. Press Ctrl+C to shut down.
INFO  07:42:35 Hosting environment: Development
INFO  07:42:35 Content root path: C:\Stage -3 and 4\Policy-Administration-System\ConsumerMicroservice\ConsumerMicroservice\ConsumerMicroservice
INFO  09:09:33 ViewConsumerProperty Method Called
INFO  09:13:05 ViewConsumerProperty Method Called
INFO  09:16:21 ViewConsumerProperty Method Called
INFO  09:16:31 ViewConsumerProperty Method Called
