INFO  03:37:34 Application started. Press Ctrl+C to shut down.
INFO  03:37:34 Application started. Press Ctrl+C to shut down.
INFO  03:37:34 Hosting environment: Development
INFO  03:37:34 Hosting environment: Development
INFO  03:37:34 Content root path: C:\Project\Policy-Administration-System\Authorization\Authorization
INFO  03:37:34 Content root path: C:\Project\Policy-Administration-System\Authorization\Authorization
INFO  04:03:10 Application started. Press Ctrl+C to shut down.
INFO  04:03:10 Application started. Press Ctrl+C to shut down.
INFO  04:03:10 Hosting environment: Development
INFO  04:03:10 Hosting environment: Development
INFO  04:03:10 Content root path: C:\Project\Policy-Administration-System\Authorization\Authorization
INFO  04:03:10 Content root path: C:\Project\Policy-Administration-System\Authorization\Authorization
INFO  04:04:01 Login initiated!
INFO  04:04:01 Validating the Agent!
INFO  04:04:01 Token Is Generated!
ERROR 04:04:03 An unhandled exception has occurred while executing the request.
System.ArgumentOutOfRangeException: IDX10653: The encryption algorithm 'System.String' requires a key size of at least 'System.Int32' bits. Key 'Microsoft.IdentityModel.Tokens.SymmetricSecurityKey', is of size: 'System.Int32'. (Parameter 'key')
   at Microsoft.IdentityModel.Tokens.SymmetricSignatureProvider..ctor(SecurityKey key, String algorithm, Boolean willCreateSignatures)
   at Microsoft.IdentityModel.Tokens.CryptoProviderFactory.CreateSignatureProvider(SecurityKey key, String algorithm, Boolean willCreateSignatures, Boolean cacheProvider)
   at Microsoft.IdentityModel.Tokens.CryptoProviderFactory.CreateForSigning(SecurityKey key, String algorithm, Boolean cacheProvider)
   at Microsoft.IdentityModel.Tokens.CryptoProviderFactory.CreateForSigning(SecurityKey key, String algorithm)
   at Microsoft.IdentityModel.JsonWebTokens.JwtTokenUtilities.CreateEncodedSignature(String input, SigningCredentials signingCredentials)
   at System.IdentityModel.Tokens.Jwt.JwtSecurityTokenHandler.WriteToken(SecurityToken token)
   at Authorization.Repositories.AuthRepository.GenerateJSONWebToken(Login agentInfo) in C:\Project\Policy-Administration-System\Authorization\Authorization\Repositories\AuthRepository.cs:line 41
   at Authorization.Controllers.AuthController.Login(Login login) in C:\Project\Policy-Administration-System\Authorization\Authorization\Controllers\AuthController.cs:line 47
   at lambda_method(Closure , Object , Object[] )
   at Microsoft.Extensions.Internal.ObjectMethodExecutor.Execute(Object target, Object[] parameters)
   at Microsoft.AspNetCore.Mvc.Infrastructure.ActionMethodExecutor.SyncActionResultExecutor.Execute(IActionResultTypeMapper mapper, ObjectMethodExecutor executor, Object controller, Object[] arguments)
   at Microsoft.AspNetCore.Mvc.Infrastructure.ControllerActionInvoker.InvokeActionMethodAsync()
   at Microsoft.AspNetCore.Mvc.Infrastructure.ControllerActionInvoker.Next(State& next, Scope& scope, Object& state, Boolean& isCompleted)
   at Microsoft.AspNetCore.Mvc.Infrastructure.ControllerActionInvoker.InvokeNextActionFilterAsync()
--- End of stack trace from previous location where exception was thrown ---
   at Microsoft.AspNetCore.Mvc.Infrastructure.ControllerActionInvoker.Rethrow(ActionExecutedContextSealed context)
   at Microsoft.AspNetCore.Mvc.Infrastructure.ControllerActionInvoker.Next(State& next, Scope& scope, Object& state, Boolean& isCompleted)
   at Microsoft.AspNetCore.Mvc.Infrastructure.ControllerActionInvoker.InvokeInnerFilterAsync()
--- End of stack trace from previous location where exception was thrown ---
   at Microsoft.AspNetCore.Mvc.Infrastructure.ResourceInvoker.<InvokeNextResourceFilter>g__Awaited|24_0(ResourceInvoker invoker, Task lastTask, State next, Scope scope, Object state, Boolean isCompleted)
   at Microsoft.AspNetCore.Mvc.Infrastructure.ResourceInvoker.Rethrow(ResourceExecutedContextSealed context)
   at Microsoft.AspNetCore.Mvc.Infrastructure.ResourceInvoker.Next(State& next, Scope& scope, Object& state, Boolean& isCompleted)
   at Microsoft.AspNetCore.Mvc.Infrastructure.ResourceInvoker.InvokeFilterPipelineAsync()
--- End of stack trace from previous location where exception was thrown ---
   at Microsoft.AspNetCore.Mvc.Infrastructure.ResourceInvoker.<InvokeAsync>g__Awaited|17_0(ResourceInvoker invoker, Task task, IDisposable scope)
   at Microsoft.AspNetCore.Routing.EndpointMiddleware.<Invoke>g__AwaitRequestTask|6_0(Endpoint endpoint, Task requestTask, ILogger logger)
   at Microsoft.AspNetCore.Authorization.AuthorizationMiddleware.Invoke(HttpContext context)
   at Microsoft.AspNetCore.Authentication.AuthenticationMiddleware.Invoke(HttpContext context)
   at Swashbuckle.AspNetCore.SwaggerUI.SwaggerUIMiddleware.Invoke(HttpContext httpContext)
   at Swashbuckle.AspNetCore.Swagger.SwaggerMiddleware.Invoke(HttpContext httpContext, ISwaggerProvider swaggerProvider)
   at Microsoft.AspNetCore.Diagnostics.DeveloperExceptionPageMiddleware.Invoke(HttpContext context)
ERROR 04:04:03 An unhandled exception has occurred while executing the request.
System.ArgumentOutOfRangeException: IDX10653: The encryption algorithm 'System.String' requires a key size of at least 'System.Int32' bits. Key 'Microsoft.IdentityModel.Tokens.SymmetricSecurityKey', is of size: 'System.Int32'. (Parameter 'key')
   at Microsoft.IdentityModel.Tokens.SymmetricSignatureProvider..ctor(SecurityKey key, String algorithm, Boolean willCreateSignatures)
   at Microsoft.IdentityModel.Tokens.CryptoProviderFactory.CreateSignatureProvider(SecurityKey key, String algorithm, Boolean willCreateSignatures, Boolean cacheProvider)
   at Microsoft.IdentityModel.Tokens.CryptoProviderFactory.CreateForSigning(SecurityKey key, String algorithm, Boolean cacheProvider)
   at Microsoft.IdentityModel.Tokens.CryptoProviderFactory.CreateForSigning(SecurityKey key, String algorithm)
   at Microsoft.IdentityModel.JsonWebTokens.JwtTokenUtilities.CreateEncodedSignature(String input, SigningCredentials signingCredentials)
   at System.IdentityModel.Tokens.Jwt.JwtSecurityTokenHandler.WriteToken(SecurityToken token)
   at Authorization.Repositories.AuthRepository.GenerateJSONWebToken(Login agentInfo) in C:\Project\Policy-Administration-System\Authorization\Authorization\Repositories\AuthRepository.cs:line 41
   at Authorization.Controllers.AuthController.Login(Login login) in C:\Project\Policy-Administration-System\Authorization\Authorization\Controllers\AuthController.cs:line 47
   at lambda_method(Closure , Object , Object[] )
   at Microsoft.Extensions.Internal.ObjectMethodExecutor.Execute(Object target, Object[] parameters)
   at Microsoft.AspNetCore.Mvc.Infrastructure.ActionMethodExecutor.SyncActionResultExecutor.Execute(IActionResultTypeMapper mapper, ObjectMethodExecutor executor, Object controller, Object[] arguments)
   at Microsoft.AspNetCore.Mvc.Infrastructure.ControllerActionInvoker.InvokeActionMethodAsync()
   at Microsoft.AspNetCore.Mvc.Infrastructure.ControllerActionInvoker.Next(State& next, Scope& scope, Object& state, Boolean& isCompleted)
   at Microsoft.AspNetCore.Mvc.Infrastructure.ControllerActionInvoker.InvokeNextActionFilterAsync()
--- End of stack trace from previous location where exception was thrown ---
   at Microsoft.AspNetCore.Mvc.Infrastructure.ControllerActionInvoker.Rethrow(ActionExecutedContextSealed context)
   at Microsoft.AspNetCore.Mvc.Infrastructure.ControllerActionInvoker.Next(State& next, Scope& scope, Object& state, Boolean& isCompleted)
   at Microsoft.AspNetCore.Mvc.Infrastructure.ControllerActionInvoker.InvokeInnerFilterAsync()
--- End of stack trace from previous location where exception was thrown ---
   at Microsoft.AspNetCore.Mvc.Infrastructure.ResourceInvoker.<InvokeNextResourceFilter>g__Awaited|24_0(ResourceInvoker invoker, Task lastTask, State next, Scope scope, Object state, Boolean isCompleted)
   at Microsoft.AspNetCore.Mvc.Infrastructure.ResourceInvoker.Rethrow(ResourceExecutedContextSealed context)
   at Microsoft.AspNetCore.Mvc.Infrastructure.ResourceInvoker.Next(State& next, Scope& scope, Object& state, Boolean& isCompleted)
   at Microsoft.AspNetCore.Mvc.Infrastructure.ResourceInvoker.InvokeFilterPipelineAsync()
--- End of stack trace from previous location where exception was thrown ---
   at Microsoft.AspNetCore.Mvc.Infrastructure.ResourceInvoker.<InvokeAsync>g__Awaited|17_0(ResourceInvoker invoker, Task task, IDisposable scope)
   at Microsoft.AspNetCore.Routing.EndpointMiddleware.<Invoke>g__AwaitRequestTask|6_0(Endpoint endpoint, Task requestTask, ILogger logger)
   at Microsoft.AspNetCore.Authorization.AuthorizationMiddleware.Invoke(HttpContext context)
   at Microsoft.AspNetCore.Authentication.AuthenticationMiddleware.Invoke(HttpContext context)
   at Swashbuckle.AspNetCore.SwaggerUI.SwaggerUIMiddleware.Invoke(HttpContext httpContext)
   at Swashbuckle.AspNetCore.Swagger.SwaggerMiddleware.Invoke(HttpContext httpContext, ISwaggerProvider swaggerProvider)
   at Microsoft.AspNetCore.Diagnostics.DeveloperExceptionPageMiddleware.Invoke(HttpContext context)
INFO  04:12:17 Application started. Press Ctrl+C to shut down.
INFO  04:12:17 Application started. Press Ctrl+C to shut down.
INFO  04:12:17 Hosting environment: Development
INFO  04:12:17 Hosting environment: Development
INFO  04:12:17 Content root path: C:\Project\Policy-Administration-System\Authorization\Authorization
INFO  04:12:17 Content root path: C:\Project\Policy-Administration-System\Authorization\Authorization
INFO  04:12:42 Login initiated!
INFO  04:12:42 Validating the Agent!
INFO  04:12:42 Token Is Generated!
ERROR 04:12:44 An unhandled exception has occurred while executing the request.
System.ArgumentOutOfRangeException: IDX10653: The encryption algorithm 'System.String' requires a key size of at least 'System.Int32' bits. Key 'Microsoft.IdentityModel.Tokens.SymmetricSecurityKey', is of size: 'System.Int32'. (Parameter 'key')
   at Microsoft.IdentityModel.Tokens.SymmetricSignatureProvider..ctor(SecurityKey key, String algorithm, Boolean willCreateSignatures)
   at Microsoft.IdentityModel.Tokens.CryptoProviderFactory.CreateSignatureProvider(SecurityKey key, String algorithm, Boolean willCreateSignatures, Boolean cacheProvider)
   at Microsoft.IdentityModel.Tokens.CryptoProviderFactory.CreateForSigning(SecurityKey key, String algorithm, Boolean cacheProvider)
   at Microsoft.IdentityModel.Tokens.CryptoProviderFactory.CreateForSigning(SecurityKey key, String algorithm)
   at Microsoft.IdentityModel.JsonWebTokens.JwtTokenUtilities.CreateEncodedSignature(String input, SigningCredentials signingCredentials)
   at System.IdentityModel.Tokens.Jwt.JwtSecurityTokenHandler.WriteToken(SecurityToken token)
   at Authorization.Repositories.AuthRepository.GenerateJSONWebToken(Login agentInfo) in C:\Project\Policy-Administration-System\Authorization\Authorization\Repositories\AuthRepository.cs:line 41
   at Authorization.Controllers.AuthController.Login(Login login) in C:\Project\Policy-Administration-System\Authorization\Authorization\Controllers\AuthController.cs:line 47
   at lambda_method(Closure , Object , Object[] )
   at Microsoft.Extensions.Internal.ObjectMethodExecutor.Execute(Object target, Object[] parameters)
   at Microsoft.AspNetCore.Mvc.Infrastructure.ActionMethodExecutor.SyncActionResultExecutor.Execute(IActionResultTypeMapper mapper, ObjectMethodExecutor executor, Object controller, Object[] arguments)
   at Microsoft.AspNetCore.Mvc.Infrastructure.ControllerActionInvoker.InvokeActionMethodAsync()
   at Microsoft.AspNetCore.Mvc.Infrastructure.ControllerActionInvoker.Next(State& next, Scope& scope, Object& state, Boolean& isCompleted)
   at Microsoft.AspNetCore.Mvc.Infrastructure.ControllerActionInvoker.InvokeNextActionFilterAsync()
--- End of stack trace from previous location where exception was thrown ---
   at Microsoft.AspNetCore.Mvc.Infrastructure.ControllerActionInvoker.Rethrow(ActionExecutedContextSealed context)
   at Microsoft.AspNetCore.Mvc.Infrastructure.ControllerActionInvoker.Next(State& next, Scope& scope, Object& state, Boolean& isCompleted)
   at Microsoft.AspNetCore.Mvc.Infrastructure.ControllerActionInvoker.InvokeInnerFilterAsync()
--- End of stack trace from previous location where exception was thrown ---
   at Microsoft.AspNetCore.Mvc.Infrastructure.ResourceInvoker.<InvokeNextResourceFilter>g__Awaited|24_0(ResourceInvoker invoker, Task lastTask, State next, Scope scope, Object state, Boolean isCompleted)
   at Microsoft.AspNetCore.Mvc.Infrastructure.ResourceInvoker.Rethrow(ResourceExecutedContextSealed context)
   at Microsoft.AspNetCore.Mvc.Infrastructure.ResourceInvoker.Next(State& next, Scope& scope, Object& state, Boolean& isCompleted)
   at Microsoft.AspNetCore.Mvc.Infrastructure.ResourceInvoker.InvokeFilterPipelineAsync()
--- End of stack trace from previous location where exception was thrown ---
   at Microsoft.AspNetCore.Mvc.Infrastructure.ResourceInvoker.<InvokeAsync>g__Awaited|17_0(ResourceInvoker invoker, Task task, IDisposable scope)
   at Microsoft.AspNetCore.Routing.EndpointMiddleware.<Invoke>g__AwaitRequestTask|6_0(Endpoint endpoint, Task requestTask, ILogger logger)
   at Microsoft.AspNetCore.Authorization.AuthorizationMiddleware.Invoke(HttpContext context)
   at Microsoft.AspNetCore.Authentication.AuthenticationMiddleware.Invoke(HttpContext context)
   at Swashbuckle.AspNetCore.SwaggerUI.SwaggerUIMiddleware.Invoke(HttpContext httpContext)
   at Swashbuckle.AspNetCore.Swagger.SwaggerMiddleware.Invoke(HttpContext httpContext, ISwaggerProvider swaggerProvider)
   at Microsoft.AspNetCore.Diagnostics.DeveloperExceptionPageMiddleware.Invoke(HttpContext context)
ERROR 04:12:44 An unhandled exception has occurred while executing the request.
System.ArgumentOutOfRangeException: IDX10653: The encryption algorithm 'System.String' requires a key size of at least 'System.Int32' bits. Key 'Microsoft.IdentityModel.Tokens.SymmetricSecurityKey', is of size: 'System.Int32'. (Parameter 'key')
   at Microsoft.IdentityModel.Tokens.SymmetricSignatureProvider..ctor(SecurityKey key, String algorithm, Boolean willCreateSignatures)
   at Microsoft.IdentityModel.Tokens.CryptoProviderFactory.CreateSignatureProvider(SecurityKey key, String algorithm, Boolean willCreateSignatures, Boolean cacheProvider)
   at Microsoft.IdentityModel.Tokens.CryptoProviderFactory.CreateForSigning(SecurityKey key, String algorithm, Boolean cacheProvider)
   at Microsoft.IdentityModel.Tokens.CryptoProviderFactory.CreateForSigning(SecurityKey key, String algorithm)
   at Microsoft.IdentityModel.JsonWebTokens.JwtTokenUtilities.CreateEncodedSignature(String input, SigningCredentials signingCredentials)
   at System.IdentityModel.Tokens.Jwt.JwtSecurityTokenHandler.WriteToken(SecurityToken token)
   at Authorization.Repositories.AuthRepository.GenerateJSONWebToken(Login agentInfo) in C:\Project\Policy-Administration-System\Authorization\Authorization\Repositories\AuthRepository.cs:line 41
   at Authorization.Controllers.AuthController.Login(Login login) in C:\Project\Policy-Administration-System\Authorization\Authorization\Controllers\AuthController.cs:line 47
   at lambda_method(Closure , Object , Object[] )
   at Microsoft.Extensions.Internal.ObjectMethodExecutor.Execute(Object target, Object[] parameters)
   at Microsoft.AspNetCore.Mvc.Infrastructure.ActionMethodExecutor.SyncActionResultExecutor.Execute(IActionResultTypeMapper mapper, ObjectMethodExecutor executor, Object controller, Object[] arguments)
   at Microsoft.AspNetCore.Mvc.Infrastructure.ControllerActionInvoker.InvokeActionMethodAsync()
   at Microsoft.AspNetCore.Mvc.Infrastructure.ControllerActionInvoker.Next(State& next, Scope& scope, Object& state, Boolean& isCompleted)
   at Microsoft.AspNetCore.Mvc.Infrastructure.ControllerActionInvoker.InvokeNextActionFilterAsync()
--- End of stack trace from previous location where exception was thrown ---
   at Microsoft.AspNetCore.Mvc.Infrastructure.ControllerActionInvoker.Rethrow(ActionExecutedContextSealed context)
   at Microsoft.AspNetCore.Mvc.Infrastructure.ControllerActionInvoker.Next(State& next, Scope& scope, Object& state, Boolean& isCompleted)
   at Microsoft.AspNetCore.Mvc.Infrastructure.ControllerActionInvoker.InvokeInnerFilterAsync()
--- End of stack trace from previous location where exception was thrown ---
   at Microsoft.AspNetCore.Mvc.Infrastructure.ResourceInvoker.<InvokeNextResourceFilter>g__Awaited|24_0(ResourceInvoker invoker, Task lastTask, State next, Scope scope, Object state, Boolean isCompleted)
   at Microsoft.AspNetCore.Mvc.Infrastructure.ResourceInvoker.Rethrow(ResourceExecutedContextSealed context)
   at Microsoft.AspNetCore.Mvc.Infrastructure.ResourceInvoker.Next(State& next, Scope& scope, Object& state, Boolean& isCompleted)
   at Microsoft.AspNetCore.Mvc.Infrastructure.ResourceInvoker.InvokeFilterPipelineAsync()
--- End of stack trace from previous location where exception was thrown ---
   at Microsoft.AspNetCore.Mvc.Infrastructure.ResourceInvoker.<InvokeAsync>g__Awaited|17_0(ResourceInvoker invoker, Task task, IDisposable scope)
   at Microsoft.AspNetCore.Routing.EndpointMiddleware.<Invoke>g__AwaitRequestTask|6_0(Endpoint endpoint, Task requestTask, ILogger logger)
   at Microsoft.AspNetCore.Authorization.AuthorizationMiddleware.Invoke(HttpContext context)
   at Microsoft.AspNetCore.Authentication.AuthenticationMiddleware.Invoke(HttpContext context)
   at Swashbuckle.AspNetCore.SwaggerUI.SwaggerUIMiddleware.Invoke(HttpContext httpContext)
   at Swashbuckle.AspNetCore.Swagger.SwaggerMiddleware.Invoke(HttpContext httpContext, ISwaggerProvider swaggerProvider)
   at Microsoft.AspNetCore.Diagnostics.DeveloperExceptionPageMiddleware.Invoke(HttpContext context)
INFO  04:16:35 Application started. Press Ctrl+C to shut down.
INFO  04:16:35 Application started. Press Ctrl+C to shut down.
INFO  04:16:35 Hosting environment: Development
INFO  04:16:35 Hosting environment: Development
INFO  04:16:35 Content root path: C:\Project\Policy-Administration-System\Authorization\Authorization
INFO  04:16:35 Content root path: C:\Project\Policy-Administration-System\Authorization\Authorization
INFO  04:17:21 Application started. Press Ctrl+C to shut down.
INFO  04:17:21 Application started. Press Ctrl+C to shut down.
INFO  04:17:21 Hosting environment: Development
INFO  04:17:21 Hosting environment: Development
INFO  04:17:21 Content root path: C:\Project\Policy-Administration-System\Authorization\Authorization
INFO  04:17:21 Content root path: C:\Project\Policy-Administration-System\Authorization\Authorization
INFO  04:19:57 Application started. Press Ctrl+C to shut down.
INFO  04:19:57 Application started. Press Ctrl+C to shut down.
INFO  04:19:57 Hosting environment: Development
INFO  04:19:57 Hosting environment: Development
INFO  04:19:57 Content root path: C:\Project\Policy-Administration-System\Authorization\Authorization
INFO  04:19:57 Content root path: C:\Project\Policy-Administration-System\Authorization\Authorization
INFO  04:21:35 Application started. Press Ctrl+C to shut down.
INFO  04:21:35 Application started. Press Ctrl+C to shut down.
INFO  04:21:35 Hosting environment: Development
INFO  04:21:35 Hosting environment: Development
INFO  04:21:35 Content root path: C:\Project\Policy-Administration-System\Authorization\Authorization
INFO  04:21:35 Content root path: C:\Project\Policy-Administration-System\Authorization\Authorization
INFO  04:26:25 Application started. Press Ctrl+C to shut down.
INFO  04:26:25 Application started. Press Ctrl+C to shut down.
INFO  04:26:25 Hosting environment: Development
INFO  04:26:25 Hosting environment: Development
INFO  04:26:25 Content root path: C:\Project\Policy-Administration-System\Authorization\Authorization
INFO  04:26:25 Content root path: C:\Project\Policy-Administration-System\Authorization\Authorization
INFO  04:37:02 Application started. Press Ctrl+C to shut down.
INFO  04:37:02 Application started. Press Ctrl+C to shut down.
INFO  04:37:02 Hosting environment: Development
INFO  04:37:02 Hosting environment: Development
INFO  04:37:02 Content root path: C:\Project\Policy-Administration-System\Authorization\Authorization
INFO  04:37:02 Content root path: C:\Project\Policy-Administration-System\Authorization\Authorization
INFO  04:37:45 Login initiated!
INFO  04:38:10 Validating the Agent!
INFO  04:40:23 Token Is Generated!
ERROR 04:41:54 An unhandled exception has occurred while executing the request.
System.ArgumentOutOfRangeException: IDX10653: The encryption algorithm 'System.String' requires a key size of at least 'System.Int32' bits. Key 'Microsoft.IdentityModel.Tokens.SymmetricSecurityKey', is of size: 'System.Int32'. (Parameter 'key')
   at Microsoft.IdentityModel.Tokens.SymmetricSignatureProvider..ctor(SecurityKey key, String algorithm, Boolean willCreateSignatures)
   at Microsoft.IdentityModel.Tokens.CryptoProviderFactory.CreateSignatureProvider(SecurityKey key, String algorithm, Boolean willCreateSignatures, Boolean cacheProvider)
   at Microsoft.IdentityModel.Tokens.CryptoProviderFactory.CreateForSigning(SecurityKey key, String algorithm, Boolean cacheProvider)
   at Microsoft.IdentityModel.Tokens.CryptoProviderFactory.CreateForSigning(SecurityKey key, String algorithm)
   at Microsoft.IdentityModel.JsonWebTokens.JwtTokenUtilities.CreateEncodedSignature(String input, SigningCredentials signingCredentials)
   at System.IdentityModel.Tokens.Jwt.JwtSecurityTokenHandler.WriteToken(SecurityToken token)
   at Authorization.Repositories.AuthRepository.GenerateJSONWebToken(Login agentInfo) in C:\Project\Policy-Administration-System\Authorization\Authorization\Repositories\AuthRepository.cs:line 41
   at Authorization.Controllers.AuthController.Login(Login login) in C:\Project\Policy-Administration-System\Authorization\Authorization\Controllers\AuthController.cs:line 47
   at lambda_method(Closure , Object , Object[] )
   at Microsoft.Extensions.Internal.ObjectMethodExecutor.Execute(Object target, Object[] parameters)
   at Microsoft.AspNetCore.Mvc.Infrastructure.ActionMethodExecutor.SyncActionResultExecutor.Execute(IActionResultTypeMapper mapper, ObjectMethodExecutor executor, Object controller, Object[] arguments)
   at Microsoft.AspNetCore.Mvc.Infrastructure.ControllerActionInvoker.InvokeActionMethodAsync()
   at Microsoft.AspNetCore.Mvc.Infrastructure.ControllerActionInvoker.Next(State& next, Scope& scope, Object& state, Boolean& isCompleted)
   at Microsoft.AspNetCore.Mvc.Infrastructure.ControllerActionInvoker.InvokeNextActionFilterAsync()
--- End of stack trace from previous location where exception was thrown ---
   at Microsoft.AspNetCore.Mvc.Infrastructure.ControllerActionInvoker.Rethrow(ActionExecutedContextSealed context)
   at Microsoft.AspNetCore.Mvc.Infrastructure.ControllerActionInvoker.Next(State& next, Scope& scope, Object& state, Boolean& isCompleted)
   at Microsoft.AspNetCore.Mvc.Infrastructure.ControllerActionInvoker.InvokeInnerFilterAsync()
--- End of stack trace from previous location where exception was thrown ---
   at Microsoft.AspNetCore.Mvc.Infrastructure.ResourceInvoker.<InvokeNextResourceFilter>g__Awaited|24_0(ResourceInvoker invoker, Task lastTask, State next, Scope scope, Object state, Boolean isCompleted)
   at Microsoft.AspNetCore.Mvc.Infrastructure.ResourceInvoker.Rethrow(ResourceExecutedContextSealed context)
   at Microsoft.AspNetCore.Mvc.Infrastructure.ResourceInvoker.Next(State& next, Scope& scope, Object& state, Boolean& isCompleted)
   at Microsoft.AspNetCore.Mvc.Infrastructure.ResourceInvoker.InvokeFilterPipelineAsync()
--- End of stack trace from previous location where exception was thrown ---
   at Microsoft.AspNetCore.Mvc.Infrastructure.ResourceInvoker.<InvokeAsync>g__Awaited|17_0(ResourceInvoker invoker, Task task, IDisposable scope)
   at Microsoft.AspNetCore.Routing.EndpointMiddleware.<Invoke>g__AwaitRequestTask|6_0(Endpoint endpoint, Task requestTask, ILogger logger)
   at Microsoft.AspNetCore.Authorization.AuthorizationMiddleware.Invoke(HttpContext context)
   at Microsoft.AspNetCore.Authentication.AuthenticationMiddleware.Invoke(HttpContext context)
   at Swashbuckle.AspNetCore.SwaggerUI.SwaggerUIMiddleware.Invoke(HttpContext httpContext)
   at Swashbuckle.AspNetCore.Swagger.SwaggerMiddleware.Invoke(HttpContext httpContext, ISwaggerProvider swaggerProvider)
   at Microsoft.AspNetCore.Diagnostics.DeveloperExceptionPageMiddleware.Invoke(HttpContext context)
ERROR 04:41:54 An unhandled exception has occurred while executing the request.
System.ArgumentOutOfRangeException: IDX10653: The encryption algorithm 'System.String' requires a key size of at least 'System.Int32' bits. Key 'Microsoft.IdentityModel.Tokens.SymmetricSecurityKey', is of size: 'System.Int32'. (Parameter 'key')
   at Microsoft.IdentityModel.Tokens.SymmetricSignatureProvider..ctor(SecurityKey key, String algorithm, Boolean willCreateSignatures)
   at Microsoft.IdentityModel.Tokens.CryptoProviderFactory.CreateSignatureProvider(SecurityKey key, String algorithm, Boolean willCreateSignatures, Boolean cacheProvider)
   at Microsoft.IdentityModel.Tokens.CryptoProviderFactory.CreateForSigning(SecurityKey key, String algorithm, Boolean cacheProvider)
   at Microsoft.IdentityModel.Tokens.CryptoProviderFactory.CreateForSigning(SecurityKey key, String algorithm)
   at Microsoft.IdentityModel.JsonWebTokens.JwtTokenUtilities.CreateEncodedSignature(String input, SigningCredentials signingCredentials)
   at System.IdentityModel.Tokens.Jwt.JwtSecurityTokenHandler.WriteToken(SecurityToken token)
   at Authorization.Repositories.AuthRepository.GenerateJSONWebToken(Login agentInfo) in C:\Project\Policy-Administration-System\Authorization\Authorization\Repositories\AuthRepository.cs:line 41
   at Authorization.Controllers.AuthController.Login(Login login) in C:\Project\Policy-Administration-System\Authorization\Authorization\Controllers\AuthController.cs:line 47
   at lambda_method(Closure , Object , Object[] )
   at Microsoft.Extensions.Internal.ObjectMethodExecutor.Execute(Object target, Object[] parameters)
   at Microsoft.AspNetCore.Mvc.Infrastructure.ActionMethodExecutor.SyncActionResultExecutor.Execute(IActionResultTypeMapper mapper, ObjectMethodExecutor executor, Object controller, Object[] arguments)
   at Microsoft.AspNetCore.Mvc.Infrastructure.ControllerActionInvoker.InvokeActionMethodAsync()
   at Microsoft.AspNetCore.Mvc.Infrastructure.ControllerActionInvoker.Next(State& next, Scope& scope, Object& state, Boolean& isCompleted)
   at Microsoft.AspNetCore.Mvc.Infrastructure.ControllerActionInvoker.InvokeNextActionFilterAsync()
--- End of stack trace from previous location where exception was thrown ---
   at Microsoft.AspNetCore.Mvc.Infrastructure.ControllerActionInvoker.Rethrow(ActionExecutedContextSealed context)
   at Microsoft.AspNetCore.Mvc.Infrastructure.ControllerActionInvoker.Next(State& next, Scope& scope, Object& state, Boolean& isCompleted)
   at Microsoft.AspNetCore.Mvc.Infrastructure.ControllerActionInvoker.InvokeInnerFilterAsync()
--- End of stack trace from previous location where exception was thrown ---
   at Microsoft.AspNetCore.Mvc.Infrastructure.ResourceInvoker.<InvokeNextResourceFilter>g__Awaited|24_0(ResourceInvoker invoker, Task lastTask, State next, Scope scope, Object state, Boolean isCompleted)
   at Microsoft.AspNetCore.Mvc.Infrastructure.ResourceInvoker.Rethrow(ResourceExecutedContextSealed context)
   at Microsoft.AspNetCore.Mvc.Infrastructure.ResourceInvoker.Next(State& next, Scope& scope, Object& state, Boolean& isCompleted)
   at Microsoft.AspNetCore.Mvc.Infrastructure.ResourceInvoker.InvokeFilterPipelineAsync()
--- End of stack trace from previous location where exception was thrown ---
   at Microsoft.AspNetCore.Mvc.Infrastructure.ResourceInvoker.<InvokeAsync>g__Awaited|17_0(ResourceInvoker invoker, Task task, IDisposable scope)
   at Microsoft.AspNetCore.Routing.EndpointMiddleware.<Invoke>g__AwaitRequestTask|6_0(Endpoint endpoint, Task requestTask, ILogger logger)
   at Microsoft.AspNetCore.Authorization.AuthorizationMiddleware.Invoke(HttpContext context)
   at Microsoft.AspNetCore.Authentication.AuthenticationMiddleware.Invoke(HttpContext context)
   at Swashbuckle.AspNetCore.SwaggerUI.SwaggerUIMiddleware.Invoke(HttpContext httpContext)
   at Swashbuckle.AspNetCore.Swagger.SwaggerMiddleware.Invoke(HttpContext httpContext, ISwaggerProvider swaggerProvider)
   at Microsoft.AspNetCore.Diagnostics.DeveloperExceptionPageMiddleware.Invoke(HttpContext context)
INFO  04:51:00 Application started. Press Ctrl+C to shut down.
INFO  04:51:00 Application started. Press Ctrl+C to shut down.
INFO  04:51:00 Hosting environment: Development
INFO  04:51:00 Hosting environment: Development
INFO  04:51:00 Content root path: C:\Project\Policy-Administration-System\Authorization\Authorization
INFO  04:51:00 Content root path: C:\Project\Policy-Administration-System\Authorization\Authorization
INFO  09:49:07 Application started. Press Ctrl+C to shut down.
INFO  09:49:07 Application started. Press Ctrl+C to shut down.
INFO  09:49:07 Hosting environment: Development
INFO  09:49:07 Hosting environment: Development
INFO  09:49:07 Content root path: C:\Stage -3 and 4\Policy-Administration-System\Authorization\Authorization
INFO  09:49:07 Content root path: C:\Stage -3 and 4\Policy-Administration-System\Authorization\Authorization
INFO  09:49:33 Login initiated!
INFO  09:49:33 Validating the Agent!
INFO  09:49:33 Token Is Generated!
ERROR 09:49:35 An unhandled exception has occurred while executing the request.
System.ArgumentOutOfRangeException: IDX10653: The encryption algorithm 'System.String' requires a key size of at least 'System.Int32' bits. Key 'Microsoft.IdentityModel.Tokens.SymmetricSecurityKey', is of size: 'System.Int32'. (Parameter 'key')
   at Microsoft.IdentityModel.Tokens.SymmetricSignatureProvider..ctor(SecurityKey key, String algorithm, Boolean willCreateSignatures)
   at Microsoft.IdentityModel.Tokens.CryptoProviderFactory.CreateSignatureProvider(SecurityKey key, String algorithm, Boolean willCreateSignatures, Boolean cacheProvider)
   at Microsoft.IdentityModel.Tokens.CryptoProviderFactory.CreateForSigning(SecurityKey key, String algorithm, Boolean cacheProvider)
   at Microsoft.IdentityModel.Tokens.CryptoProviderFactory.CreateForSigning(SecurityKey key, String algorithm)
   at Microsoft.IdentityModel.JsonWebTokens.JwtTokenUtilities.CreateEncodedSignature(String input, SigningCredentials signingCredentials)
   at System.IdentityModel.Tokens.Jwt.JwtSecurityTokenHandler.WriteToken(SecurityToken token)
   at Authorization.Repositories.AuthRepository.GenerateJSONWebToken(Login agentInfo) in C:\Project\Policy-Administration-System\Authorization\Authorization\Repositories\AuthRepository.cs:line 41
   at Authorization.Controllers.AuthController.Login(Login login) in C:\Project\Policy-Administration-System\Authorization\Authorization\Controllers\AuthController.cs:line 47
   at lambda_method(Closure , Object , Object[] )
   at Microsoft.Extensions.Internal.ObjectMethodExecutor.Execute(Object target, Object[] parameters)
   at Microsoft.AspNetCore.Mvc.Infrastructure.ActionMethodExecutor.SyncActionResultExecutor.Execute(IActionResultTypeMapper mapper, ObjectMethodExecutor executor, Object controller, Object[] arguments)
   at Microsoft.AspNetCore.Mvc.Infrastructure.ControllerActionInvoker.InvokeActionMethodAsync()
   at Microsoft.AspNetCore.Mvc.Infrastructure.ControllerActionInvoker.Next(State& next, Scope& scope, Object& state, Boolean& isCompleted)
   at Microsoft.AspNetCore.Mvc.Infrastructure.ControllerActionInvoker.InvokeNextActionFilterAsync()
--- End of stack trace from previous location where exception was thrown ---
   at Microsoft.AspNetCore.Mvc.Infrastructure.ControllerActionInvoker.Rethrow(ActionExecutedContextSealed context)
   at Microsoft.AspNetCore.Mvc.Infrastructure.ControllerActionInvoker.Next(State& next, Scope& scope, Object& state, Boolean& isCompleted)
   at Microsoft.AspNetCore.Mvc.Infrastructure.ControllerActionInvoker.InvokeInnerFilterAsync()
--- End of stack trace from previous location where exception was thrown ---
   at Microsoft.AspNetCore.Mvc.Infrastructure.ResourceInvoker.<InvokeNextResourceFilter>g__Awaited|24_0(ResourceInvoker invoker, Task lastTask, State next, Scope scope, Object state, Boolean isCompleted)
   at Microsoft.AspNetCore.Mvc.Infrastructure.ResourceInvoker.Rethrow(ResourceExecutedContextSealed context)
   at Microsoft.AspNetCore.Mvc.Infrastructure.ResourceInvoker.Next(State& next, Scope& scope, Object& state, Boolean& isCompleted)
   at Microsoft.AspNetCore.Mvc.Infrastructure.ResourceInvoker.InvokeFilterPipelineAsync()
--- End of stack trace from previous location where exception was thrown ---
   at Microsoft.AspNetCore.Mvc.Infrastructure.ResourceInvoker.<InvokeAsync>g__Awaited|17_0(ResourceInvoker invoker, Task task, IDisposable scope)
   at Microsoft.AspNetCore.Routing.EndpointMiddleware.<Invoke>g__AwaitRequestTask|6_0(Endpoint endpoint, Task requestTask, ILogger logger)
   at Microsoft.AspNetCore.Authorization.AuthorizationMiddleware.Invoke(HttpContext context)
   at Microsoft.AspNetCore.Authentication.AuthenticationMiddleware.Invoke(HttpContext context)
   at Swashbuckle.AspNetCore.SwaggerUI.SwaggerUIMiddleware.Invoke(HttpContext httpContext)
   at Swashbuckle.AspNetCore.Swagger.SwaggerMiddleware.Invoke(HttpContext httpContext, ISwaggerProvider swaggerProvider)
   at Microsoft.AspNetCore.Diagnostics.DeveloperExceptionPageMiddleware.Invoke(HttpContext context)
ERROR 09:49:35 An unhandled exception has occurred while executing the request.
System.ArgumentOutOfRangeException: IDX10653: The encryption algorithm 'System.String' requires a key size of at least 'System.Int32' bits. Key 'Microsoft.IdentityModel.Tokens.SymmetricSecurityKey', is of size: 'System.Int32'. (Parameter 'key')
   at Microsoft.IdentityModel.Tokens.SymmetricSignatureProvider..ctor(SecurityKey key, String algorithm, Boolean willCreateSignatures)
   at Microsoft.IdentityModel.Tokens.CryptoProviderFactory.CreateSignatureProvider(SecurityKey key, String algorithm, Boolean willCreateSignatures, Boolean cacheProvider)
   at Microsoft.IdentityModel.Tokens.CryptoProviderFactory.CreateForSigning(SecurityKey key, String algorithm, Boolean cacheProvider)
   at Microsoft.IdentityModel.Tokens.CryptoProviderFactory.CreateForSigning(SecurityKey key, String algorithm)
   at Microsoft.IdentityModel.JsonWebTokens.JwtTokenUtilities.CreateEncodedSignature(String input, SigningCredentials signingCredentials)
   at System.IdentityModel.Tokens.Jwt.JwtSecurityTokenHandler.WriteToken(SecurityToken token)
   at Authorization.Repositories.AuthRepository.GenerateJSONWebToken(Login agentInfo) in C:\Project\Policy-Administration-System\Authorization\Authorization\Repositories\AuthRepository.cs:line 41
   at Authorization.Controllers.AuthController.Login(Login login) in C:\Project\Policy-Administration-System\Authorization\Authorization\Controllers\AuthController.cs:line 47
   at lambda_method(Closure , Object , Object[] )
   at Microsoft.Extensions.Internal.ObjectMethodExecutor.Execute(Object target, Object[] parameters)
   at Microsoft.AspNetCore.Mvc.Infrastructure.ActionMethodExecutor.SyncActionResultExecutor.Execute(IActionResultTypeMapper mapper, ObjectMethodExecutor executor, Object controller, Object[] arguments)
   at Microsoft.AspNetCore.Mvc.Infrastructure.ControllerActionInvoker.InvokeActionMethodAsync()
   at Microsoft.AspNetCore.Mvc.Infrastructure.ControllerActionInvoker.Next(State& next, Scope& scope, Object& state, Boolean& isCompleted)
   at Microsoft.AspNetCore.Mvc.Infrastructure.ControllerActionInvoker.InvokeNextActionFilterAsync()
--- End of stack trace from previous location where exception was thrown ---
   at Microsoft.AspNetCore.Mvc.Infrastructure.ControllerActionInvoker.Rethrow(ActionExecutedContextSealed context)
   at Microsoft.AspNetCore.Mvc.Infrastructure.ControllerActionInvoker.Next(State& next, Scope& scope, Object& state, Boolean& isCompleted)
   at Microsoft.AspNetCore.Mvc.Infrastructure.ControllerActionInvoker.InvokeInnerFilterAsync()
--- End of stack trace from previous location where exception was thrown ---
   at Microsoft.AspNetCore.Mvc.Infrastructure.ResourceInvoker.<InvokeNextResourceFilter>g__Awaited|24_0(ResourceInvoker invoker, Task lastTask, State next, Scope scope, Object state, Boolean isCompleted)
   at Microsoft.AspNetCore.Mvc.Infrastructure.ResourceInvoker.Rethrow(ResourceExecutedContextSealed context)
   at Microsoft.AspNetCore.Mvc.Infrastructure.ResourceInvoker.Next(State& next, Scope& scope, Object& state, Boolean& isCompleted)
   at Microsoft.AspNetCore.Mvc.Infrastructure.ResourceInvoker.InvokeFilterPipelineAsync()
--- End of stack trace from previous location where exception was thrown ---
   at Microsoft.AspNetCore.Mvc.Infrastructure.ResourceInvoker.<InvokeAsync>g__Awaited|17_0(ResourceInvoker invoker, Task task, IDisposable scope)
   at Microsoft.AspNetCore.Routing.EndpointMiddleware.<Invoke>g__AwaitRequestTask|6_0(Endpoint endpoint, Task requestTask, ILogger logger)
   at Microsoft.AspNetCore.Authorization.AuthorizationMiddleware.Invoke(HttpContext context)
   at Microsoft.AspNetCore.Authentication.AuthenticationMiddleware.Invoke(HttpContext context)
   at Swashbuckle.AspNetCore.SwaggerUI.SwaggerUIMiddleware.Invoke(HttpContext httpContext)
   at Swashbuckle.AspNetCore.Swagger.SwaggerMiddleware.Invoke(HttpContext httpContext, ISwaggerProvider swaggerProvider)
   at Microsoft.AspNetCore.Diagnostics.DeveloperExceptionPageMiddleware.Invoke(HttpContext context)
INFO  09:50:49 Application started. Press Ctrl+C to shut down.
INFO  09:50:49 Application started. Press Ctrl+C to shut down.
INFO  09:50:49 Hosting environment: Development
INFO  09:50:49 Hosting environment: Development
INFO  09:50:49 Content root path: C:\Stage -3 and 4\Policy-Administration-System\Authorization\Authorization
INFO  09:50:49 Content root path: C:\Stage -3 and 4\Policy-Administration-System\Authorization\Authorization
INFO  09:51:49 Application started. Press Ctrl+C to shut down.
INFO  09:51:49 Application started. Press Ctrl+C to shut down.
INFO  09:51:49 Hosting environment: Development
INFO  09:51:49 Hosting environment: Development
INFO  09:51:49 Content root path: C:\Stage -3 and 4\Policy-Administration-System\Authorization\Authorization
INFO  09:51:49 Content root path: C:\Stage -3 and 4\Policy-Administration-System\Authorization\Authorization
INFO  09:52:20 Login initiated!
INFO  09:52:20 Validating the Agent!
INFO  09:52:20 Token Is Generated!
INFO  03:21:22 Application started. Press Ctrl+C to shut down.
INFO  03:21:22 Application started. Press Ctrl+C to shut down.
INFO  03:21:22 Hosting environment: Development
INFO  03:21:22 Hosting environment: Development
INFO  03:21:22 Content root path: C:\Stage -3 and 4\Policy-Administration-System\Authorization\Authorization
INFO  03:21:22 Content root path: C:\Stage -3 and 4\Policy-Administration-System\Authorization\Authorization
INFO  03:23:57 Login initiated!
INFO  03:23:57 Validating the Agent!
INFO  03:23:57 Token Is Generated!
INFO  03:24:22 Login initiated!
INFO  03:24:22 Validating the Agent!
INFO  03:24:22 Token Is Generated!
INFO  03:44:00 Login initiated!
INFO  03:44:00 Validating the Agent!
INFO  03:44:00 Token Is Generated!
INFO  03:48:56 Login initiated!
INFO  03:48:56 Validating the Agent!
INFO  03:48:56 Token Is Generated!
INFO  03:52:43 Login initiated!
INFO  03:52:43 Validating the Agent!
INFO  03:52:43 Token Is Generated!
INFO  05:20:05 Login initiated!
INFO  05:20:05 Validating the Agent!
INFO  05:20:05 Token Is Generated!
INFO  05:20:23 Login initiated!
INFO  05:20:23 Validating the Agent!
INFO  05:20:23 Token Is Generated!
INFO  06:21:04 Login initiated!
INFO  06:21:04 Validating the Agent!
INFO  06:21:04 Token Is Generated!
INFO  06:22:40 Login initiated!
INFO  06:22:40 Validating the Agent!
INFO  06:22:40 Token Is Generated!
INFO  06:26:22 Login initiated!
INFO  06:26:22 Validating the Agent!
INFO  06:26:22 Token Is Generated!
INFO  06:29:11 Login initiated!
INFO  06:29:11 Validating the Agent!
INFO  06:29:11 Token Is Generated!
INFO  06:43:53 Login initiated!
INFO  06:43:53 Validating the Agent!
INFO  06:43:53 Token Is Generated!
INFO  06:47:35 Login initiated!
INFO  06:47:35 Validating the Agent!
INFO  06:47:35 Token Is Generated!
INFO  06:50:07 Login initiated!
INFO  06:50:07 Validating the Agent!
INFO  06:50:07 Token Is Generated!
INFO  07:02:32 Login initiated!
INFO  07:02:32 Validating the Agent!
INFO  07:02:32 Token Is Generated!
INFO  07:05:29 Login initiated!
INFO  07:05:29 Validating the Agent!
INFO  07:05:29 Token Is Generated!
INFO  07:33:25 Login initiated!
INFO  07:33:25 Validating the Agent!
INFO  07:33:35 Login initiated!
INFO  07:33:35 Validating the Agent!
INFO  07:33:35 Token Is Generated!
INFO  07:42:24 Login initiated!
INFO  07:42:24 Validating the Agent!
INFO  07:42:24 Token Is Generated!
INFO  07:21:37 Application started. Press Ctrl+C to shut down.
INFO  07:21:37 Application started. Press Ctrl+C to shut down.
INFO  07:21:37 Hosting environment: Development
INFO  07:21:37 Hosting environment: Development
INFO  07:21:37 Content root path: C:\Stage -3 and 4\Policy-Administration-System\Authorization\Authorization
INFO  07:21:37 Content root path: C:\Stage -3 and 4\Policy-Administration-System\Authorization\Authorization
INFO  07:22:00 Login initiated!
INFO  07:22:00 Validating the Agent!
INFO  07:22:08 Login initiated!
INFO  07:22:08 Validating the Agent!
INFO  07:22:08 Token Is Generated!
INFO  07:30:53 Login initiated!
INFO  07:30:53 Validating the Agent!
INFO  07:30:53 Token Is Generated!
INFO  07:48:41 Login initiated!
INFO  07:48:41 Validating the Agent!
INFO  07:48:41 Token Is Generated!
INFO  07:49:06 Login initiated!
INFO  07:49:06 Validating the Agent!
INFO  07:49:06 Token Is Generated!
INFO  07:52:46 Login initiated!
INFO  07:52:46 Validating the Agent!
INFO  07:52:46 Token Is Generated!
INFO  07:53:42 Login initiated!
INFO  07:53:42 Validating the Agent!
INFO  07:53:42 Token Is Generated!
INFO  08:55:03 Login initiated!
INFO  08:55:03 Validating the Agent!
INFO  08:55:03 Token Is Generated!
INFO  08:56:35 Login initiated!
INFO  08:56:35 Validating the Agent!
INFO  08:56:35 Token Is Generated!
INFO  11:25:45 Login initiated!
INFO  11:25:45 Validating the Agent!
INFO  11:25:45 Token Is Generated!
INFO  11:32:22 Login initiated!
INFO  11:32:22 Validating the Agent!
INFO  11:32:22 Token Is Generated!
INFO  10:31:11 Application started. Press Ctrl+C to shut down.
INFO  10:31:11 Application started. Press Ctrl+C to shut down.
INFO  10:31:11 Hosting environment: Development
INFO  10:31:11 Hosting environment: Development
INFO  10:31:11 Content root path: C:\Users\910340\Downloads\Policy-Administration-System\Policy-Administration-System\Authorization\Authorization
INFO  10:31:11 Content root path: C:\Users\910340\Downloads\Policy-Administration-System\Policy-Administration-System\Authorization\Authorization
INFO  10:31:21 Login initiated!
INFO  10:31:21 Validating the Agent!
INFO  10:31:29 Login initiated!
INFO  10:31:29 Validating the Agent!
INFO  10:32:48 Login initiated!
INFO  10:32:48 Validating the Agent!
INFO  10:32:48 Token Is Generated!
INFO  09:20:26 Application started. Press Ctrl+C to shut down.
INFO  09:20:26 Application started. Press Ctrl+C to shut down.
INFO  09:20:26 Hosting environment: Development
INFO  09:20:26 Hosting environment: Development
INFO  09:20:26 Content root path: C:\Users\910340\Downloads\Policy-Administration-System\Policy-Administration-System\Authorization\Authorization
INFO  09:20:26 Content root path: C:\Users\910340\Downloads\Policy-Administration-System\Policy-Administration-System\Authorization\Authorization
INFO  09:20:56 Login method invoked, Username : Shivkumar
INFO  09:23:06 Application started. Press Ctrl+C to shut down.
INFO  09:23:06 Application started. Press Ctrl+C to shut down.
INFO  09:23:06 Hosting environment: Development
INFO  09:23:06 Hosting environment: Development
INFO  09:23:06 Content root path: C:\Users\910340\Downloads\Policy-Administration-System\Policy-Administration-System\Authorization\Authorization
INFO  09:23:06 Content root path: C:\Users\910340\Downloads\Policy-Administration-System\Policy-Administration-System\Authorization\Authorization
INFO  09:23:20 Login method invoked, Username : jksjfkljs
ERROR 09:23:20 Error Occured from LoginError Message : Object reference not set to an instance of an object.
INFO  10:12:44 Application started. Press Ctrl+C to shut down.
INFO  10:12:44 Application started. Press Ctrl+C to shut down.
INFO  10:12:44 Hosting environment: Development
INFO  10:12:44 Hosting environment: Development
INFO  10:12:44 Content root path: C:\Users\910340\Downloads\Policy-Administration-System\Policy-Administration-System\Authorization\Authorization
INFO  10:12:44 Content root path: C:\Users\910340\Downloads\Policy-Administration-System\Policy-Administration-System\Authorization\Authorization
INFO  10:13:40 Login method invoked, Username : Shivkumar
ERROR 10:13:40 Error Occured from LoginError Message : Object reference not set to an instance of an object.
INFO  10:14:21 Login method invoked, Username : Prakash
ERROR 10:14:21 Error Occured from LoginError Message : Object reference not set to an instance of an object.
INFO  10:19:37 Application started. Press Ctrl+C to shut down.
INFO  10:19:37 Application started. Press Ctrl+C to shut down.
INFO  10:19:37 Hosting environment: Development
INFO  10:19:37 Hosting environment: Development
INFO  10:19:37 Content root path: C:\Users\910340\Downloads\Policy-Administration-System\Policy-Administration-System\Authorization\Authorization
INFO  10:19:37 Content root path: C:\Users\910340\Downloads\Policy-Administration-System\Policy-Administration-System\Authorization\Authorization
INFO  10:20:03 Login method invoked, Username : Shivkumar
INFO  10:36:48 Application started. Press Ctrl+C to shut down.
INFO  10:36:48 Application started. Press Ctrl+C to shut down.
INFO  10:36:48 Hosting environment: Development
INFO  10:36:48 Hosting environment: Development
INFO  10:36:48 Content root path: C:\Users\910340\Downloads\Policy-Administration-System\Policy-Administration-System\Authorization\Authorization
INFO  10:36:48 Content root path: C:\Users\910340\Downloads\Policy-Administration-System\Policy-Administration-System\Authorization\Authorization
INFO  10:37:11 Login method invoked, Username : Shivkumar
INFO  10:51:15 Application started. Press Ctrl+C to shut down.
INFO  10:51:15 Application started. Press Ctrl+C to shut down.
INFO  10:51:15 Hosting environment: Development
INFO  10:51:15 Hosting environment: Development
INFO  10:51:15 Content root path: C:\Stage -3 and 4\Project\Without test\Authorization\Authorization
INFO  10:51:15 Content root path: C:\Stage -3 and 4\Project\Without test\Authorization\Authorization
INFO  10:52:18 Login method invoked, Username : Shivkumar
INFO  10:55:12 Login method invoked, Username : Shivkumar
INFO  12:06:18 Application started. Press Ctrl+C to shut down.
INFO  12:06:18 Application started. Press Ctrl+C to shut down.
INFO  12:06:18 Hosting environment: Development
INFO  12:06:18 Hosting environment: Development
INFO  12:06:18 Content root path: C:\Stage -3 and 4\Project\With Authentication\Authorization\Authorization
INFO  12:06:18 Content root path: C:\Stage -3 and 4\Project\With Authentication\Authorization\Authorization
INFO  12:11:31 Login method invoked, Username : Shivkumar
INFO  12:13:54 Login method invoked, Username : Shivkumar
INFO  01:56:03 Login method invoked, Username : Shivkumar
INFO  02:08:46 Login method invoked, Username : Shivkumar
INFO  02:12:25 Login method invoked, Username : Shivkumar
INFO  02:14:59 Login method invoked, Username : Shivkumar
INFO  02:16:40 Application started. Press Ctrl+C to shut down.
INFO  02:16:40 Application started. Press Ctrl+C to shut down.
INFO  02:16:40 Hosting environment: Development
INFO  02:16:40 Hosting environment: Development
INFO  02:16:40 Content root path: C:\Stage -3 and 4\Project\With Authentication\Authorization\Authorization
INFO  02:16:40 Content root path: C:\Stage -3 and 4\Project\With Authentication\Authorization\Authorization
INFO  02:16:41 Login method invoked, Username : Shivkumar
INFO  02:23:08 Login method invoked, Username : Shivkumar
INFO  02:29:29 Login method invoked, Username : Shivkumar
