INFO  09:27:44 Application started. Press Ctrl+C to shut down.
INFO  09:27:44 Application started. Press Ctrl+C to shut down.
INFO  09:27:44 Hosting environment: Development
INFO  09:27:44 Hosting environment: Development
INFO  09:27:44 Content root path: C:\Users\910455\source\repos\QuotesMicroservice\QuotesMicroservice
INFO  09:27:44 Content root path: C:\Users\910455\source\repos\QuotesMicroservice\QuotesMicroservice
INFO  09:36:27 Application started. Press Ctrl+C to shut down.
INFO  09:36:27 Application started. Press Ctrl+C to shut down.
INFO  09:36:27 Hosting environment: Development
INFO  09:36:27 Hosting environment: Development
INFO  09:36:27 Content root path: C:\Users\910455\source\repos\QuotesMicroservice\QuotesMicroservice
INFO  09:36:27 Content root path: C:\Users\910455\source\repos\QuotesMicroservice\QuotesMicroservice
INFO  09:38:04 Application started. Press Ctrl+C to shut down.
INFO  09:38:04 Application started. Press Ctrl+C to shut down.
INFO  09:38:04 Hosting environment: Development
INFO  09:38:04 Hosting environment: Development
INFO  09:38:04 Content root path: C:\Users\910455\source\repos\QuotesMicroservice\QuotesMicroservice
INFO  09:38:04 Content root path: C:\Users\910455\source\repos\QuotesMicroservice\QuotesMicroservice
INFO  07:09:45 Application started. Press Ctrl+C to shut down.
INFO  07:09:45 Application started. Press Ctrl+C to shut down.
INFO  07:09:45 Hosting environment: Development
INFO  07:09:45 Hosting environment: Development
INFO  07:09:45 Content root path: C:\Users\910455\source\repos\QuotesMicroservice\QuotesMicroservice
INFO  07:09:45 Content root path: C:\Users\910455\source\repos\QuotesMicroservice\QuotesMicroservice
INFO  07:10:19 QuotesMaster started
INFO  07:10:19 Checking for QuotesForPolicy Inputs
INFO  10:50:57 Application started. Press Ctrl+C to shut down.
INFO  10:50:57 Application started. Press Ctrl+C to shut down.
INFO  10:50:57 Hosting environment: Development
INFO  10:50:57 Hosting environment: Development
INFO  10:50:57 Content root path: C:\Users\910455\source\repos\QuotesMicroservice\QuotesMicroservice
INFO  10:50:57 Content root path: C:\Users\910455\source\repos\QuotesMicroservice\QuotesMicroservice
INFO  10:51:24 Application started. Press Ctrl+C to shut down.
INFO  10:51:24 Application started. Press Ctrl+C to shut down.
INFO  10:51:24 Hosting environment: Development
INFO  10:51:24 Hosting environment: Development
INFO  10:51:24 Content root path: C:\Users\910455\source\repos\QuotesMicroservice\QuotesMicroservice
INFO  10:51:24 Content root path: C:\Users\910455\source\repos\QuotesMicroservice\QuotesMicroservice
INFO  10:58:06 Application started. Press Ctrl+C to shut down.
INFO  10:58:06 Application started. Press Ctrl+C to shut down.
INFO  10:58:06 Hosting environment: Development
INFO  10:58:06 Hosting environment: Development
INFO  10:58:06 Content root path: C:\Users\910455\source\repos\QuotesMicroservice\QuotesMicroservice
INFO  10:58:06 Content root path: C:\Users\910455\source\repos\QuotesMicroservice\QuotesMicroservice
INFO  10:58:51 Application started. Press Ctrl+C to shut down.
INFO  10:58:51 Application started. Press Ctrl+C to shut down.
INFO  10:58:51 Hosting environment: Development
INFO  10:58:51 Hosting environment: Development
INFO  10:58:51 Content root path: C:\Users\910455\source\repos\QuotesMicroservice\QuotesMicroservice
INFO  10:58:51 Content root path: C:\Users\910455\source\repos\QuotesMicroservice\QuotesMicroservice
INFO  11:04:49 Application started. Press Ctrl+C to shut down.
INFO  11:04:49 Application started. Press Ctrl+C to shut down.
INFO  11:04:49 Hosting environment: Development
INFO  11:04:49 Hosting environment: Development
INFO  11:04:49 Content root path: C:\Users\910455\source\repos\QuotesMicroservice\QuotesMicroservice
INFO  11:04:49 Content root path: C:\Users\910455\source\repos\QuotesMicroservice\QuotesMicroservice
INFO  11:05:46 Application started. Press Ctrl+C to shut down.
INFO  11:05:46 Application started. Press Ctrl+C to shut down.
INFO  11:05:46 Hosting environment: Development
INFO  11:05:46 Hosting environment: Development
INFO  11:05:46 Content root path: C:\Users\910455\source\repos\QuotesMicroservice\QuotesMicroservice
INFO  11:05:46 Content root path: C:\Users\910455\source\repos\QuotesMicroservice\QuotesMicroservice
INFO  12:17:19 Application started. Press Ctrl+C to shut down.
INFO  12:17:19 Application started. Press Ctrl+C to shut down.
INFO  12:17:19 Hosting environment: Development
INFO  12:17:19 Hosting environment: Development
INFO  12:17:19 Content root path: C:\Users\910455\source\repos\QuotesMicroservice\QuotesMicroservice
INFO  12:17:19 Content root path: C:\Users\910455\source\repos\QuotesMicroservice\QuotesMicroservice
INFO  12:18:32 QuotesMaster started
INFO  12:18:32 Checking for QuotesForPolicy Inputs
INFO  12:18:47 QuotesMaster started
INFO  12:18:47 Checking for QuotesForPolicy Inputs
INFO  12:19:03 QuotesMaster started
INFO  12:19:03 Checking for QuotesForPolicy Inputs
INFO  02:40:54 Application started. Press Ctrl+C to shut down.
INFO  02:40:54 Application started. Press Ctrl+C to shut down.
INFO  02:40:54 Hosting environment: Development
INFO  02:40:54 Hosting environment: Development
INFO  02:40:54 Content root path: C:\Stage -3 and 4\Policy-Administration-System\QuotesMicroservice\QuotesMicroservice
INFO  02:40:54 Content root path: C:\Stage -3 and 4\Policy-Administration-System\QuotesMicroservice\QuotesMicroservice
INFO  02:41:47 QuotesMaster started
INFO  02:41:47 Checking for QuotesForPolicy Inputs
INFO  03:00:06 QuotesMaster started
INFO  03:00:06 Checking for QuotesForPolicy Inputs
INFO  05:48:56 Application started. Press Ctrl+C to shut down.
INFO  05:48:56 Application started. Press Ctrl+C to shut down.
INFO  05:48:56 Hosting environment: Development
INFO  05:48:56 Hosting environment: Development
INFO  05:48:56 Content root path: C:\Stage -3 and 4\Policy-Administration-System\QuotesMicroservice\QuotesMicroservice
INFO  05:48:56 Content root path: C:\Stage -3 and 4\Policy-Administration-System\QuotesMicroservice\QuotesMicroservice
INFO  05:49:11 QuotesMaster started
INFO  05:49:11 Checking for QuotesForPolicy Inputs
INFO  06:02:56 QuotesMaster started
INFO  06:02:56 Checking for QuotesForPolicy Inputs
INFO  06:04:28 QuotesMaster started
INFO  06:04:28 Checking for QuotesForPolicy Inputs
