INFO  03:37:34 Application started. Press Ctrl+C to shut down.
INFO  03:37:34 Application started. Press Ctrl+C to shut down.
INFO  03:37:34 Hosting environment: Development
INFO  03:37:34 Hosting environment: Development
INFO  03:37:34 Content root path: C:\Project\Policy-Administration-System\Authorization\Authorization
INFO  03:37:34 Content root path: C:\Project\Policy-Administration-System\Authorization\Authorization
INFO  04:03:10 Application started. Press Ctrl+C to shut down.
INFO  04:03:10 Application started. Press Ctrl+C to shut down.
INFO  04:03:10 Hosting environment: Development
INFO  04:03:10 Hosting environment: Development
INFO  04:03:10 Content root path: C:\Project\Policy-Administration-System\Authorization\Authorization
INFO  04:03:10 Content root path: C:\Project\Policy-Administration-System\Authorization\Authorization
INFO  04:04:01 Login initiated!
INFO  04:04:01 Validating the Agent!
INFO  04:04:01 Token Is Generated!
ERROR 04:04:03 An unhandled exception has occurred while executing the request.
System.ArgumentOutOfRangeException: IDX10653: The encryption algorithm 'System.String' requires a key size of at least 'System.Int32' bits. Key 'Microsoft.IdentityModel.Tokens.SymmetricSecurityKey', is of size: 'System.Int32'. (Parameter 'key')
   at Microsoft.IdentityModel.Tokens.SymmetricSignatureProvider..ctor(SecurityKey key, String algorithm, Boolean willCreateSignatures)
   at Microsoft.IdentityModel.Tokens.CryptoProviderFactory.CreateSignatureProvider(SecurityKey key, String algorithm, Boolean willCreateSignatures, Boolean cacheProvider)
   at Microsoft.IdentityModel.Tokens.CryptoProviderFactory.CreateForSigning(SecurityKey key, String algorithm, Boolean cacheProvider)
   at Microsoft.IdentityModel.Tokens.CryptoProviderFactory.CreateForSigning(SecurityKey key, String algorithm)
   at Microsoft.IdentityModel.JsonWebTokens.JwtTokenUtilities.CreateEncodedSignature(String input, SigningCredentials signingCredentials)
   at System.IdentityModel.Tokens.Jwt.JwtSecurityTokenHandler.WriteToken(SecurityToken token)
   at Authorization.Repositories.AuthRepository.GenerateJSONWebToken(Login agentInfo) in C:\Project\Policy-Administration-System\Authorization\Authorization\Repositories\AuthRepository.cs:line 41
   at Authorization.Controllers.AuthController.Login(Login login) in C:\Project\Policy-Administration-System\Authorization\Authorization\Controllers\AuthController.cs:line 47
   at lambda_method(Closure , Object , Object[] )
   at Microsoft.Extensions.Internal.ObjectMethodExecutor.Execute(Object target, Object[] parameters)
   at Microsoft.AspNetCore.Mvc.Infrastructure.ActionMethodExecutor.SyncActionResultExecutor.Execute(IActionResultTypeMapper mapper, ObjectMethodExecutor executor, Object controller, Object[] arguments)
   at Microsoft.AspNetCore.Mvc.Infrastructure.ControllerActionInvoker.InvokeActionMethodAsync()
   at Microsoft.AspNetCore.Mvc.Infrastructure.ControllerActionInvoker.Next(State& next, Scope& scope, Object& state, Boolean& isCompleted)
   at Microsoft.AspNetCore.Mvc.Infrastructure.ControllerActionInvoker.InvokeNextActionFilterAsync()
--- End of stack trace from previous location where exception was thrown ---
   at Microsoft.AspNetCore.Mvc.Infrastructure.ControllerActionInvoker.Rethrow(ActionExecutedContextSealed context)
   at Microsoft.AspNetCore.Mvc.Infrastructure.ControllerActionInvoker.Next(State& next, Scope& scope, Object& state, Boolean& isCompleted)
   at Microsoft.AspNetCore.Mvc.Infrastructure.ControllerActionInvoker.InvokeInnerFilterAsync()
--- End of stack trace from previous location where exception was thrown ---
   at Microsoft.AspNetCore.Mvc.Infrastructure.ResourceInvoker.<InvokeNextResourceFilter>g__Awaited|24_0(ResourceInvoker invoker, Task lastTask, State next, Scope scope, Object state, Boolean isCompleted)
   at Microsoft.AspNetCore.Mvc.Infrastructure.ResourceInvoker.Rethrow(ResourceExecutedContextSealed context)
   at Microsoft.AspNetCore.Mvc.Infrastructure.ResourceInvoker.Next(State& next, Scope& scope, Object& state, Boolean& isCompleted)
   at Microsoft.AspNetCore.Mvc.Infrastructure.ResourceInvoker.InvokeFilterPipelineAsync()
--- End of stack trace from previous location where exception was thrown ---
   at Microsoft.AspNetCore.Mvc.Infrastructure.ResourceInvoker.<InvokeAsync>g__Awaited|17_0(ResourceInvoker invoker, Task task, IDisposable scope)
   at Microsoft.AspNetCore.Routing.EndpointMiddleware.<Invoke>g__AwaitRequestTask|6_0(Endpoint endpoint, Task requestTask, ILogger logger)
   at Microsoft.AspNetCore.Authorization.AuthorizationMiddleware.Invoke(HttpContext context)
   at Microsoft.AspNetCore.Authentication.AuthenticationMiddleware.Invoke(HttpContext context)
   at Swashbuckle.AspNetCore.SwaggerUI.SwaggerUIMiddleware.Invoke(HttpContext httpContext)
   at Swashbuckle.AspNetCore.Swagger.SwaggerMiddleware.Invoke(HttpContext httpContext, ISwaggerProvider swaggerProvider)
   at Microsoft.AspNetCore.Diagnostics.DeveloperExceptionPageMiddleware.Invoke(HttpContext context)
ERROR 04:04:03 An unhandled exception has occurred while executing the request.
System.ArgumentOutOfRangeException: IDX10653: The encryption algorithm 'System.String' requires a key size of at least 'System.Int32' bits. Key 'Microsoft.IdentityModel.Tokens.SymmetricSecurityKey', is of size: 'System.Int32'. (Parameter 'key')
   at Microsoft.IdentityModel.Tokens.SymmetricSignatureProvider..ctor(SecurityKey key, String algorithm, Boolean willCreateSignatures)
   at Microsoft.IdentityModel.Tokens.CryptoProviderFactory.CreateSignatureProvider(SecurityKey key, String algorithm, Boolean willCreateSignatures, Boolean cacheProvider)
   at Microsoft.IdentityModel.Tokens.CryptoProviderFactory.CreateForSigning(SecurityKey key, String algorithm, Boolean cacheProvider)
   at Microsoft.IdentityModel.Tokens.CryptoProviderFactory.CreateForSigning(SecurityKey key, String algorithm)
   at Microsoft.IdentityModel.JsonWebTokens.JwtTokenUtilities.CreateEncodedSignature(String input, SigningCredentials signingCredentials)
   at System.IdentityModel.Tokens.Jwt.JwtSecurityTokenHandler.WriteToken(SecurityToken token)
   at Authorization.Repositories.AuthRepository.GenerateJSONWebToken(Login agentInfo) in C:\Project\Policy-Administration-System\Authorization\Authorization\Repositories\AuthRepository.cs:line 41
   at Authorization.Controllers.AuthController.Login(Login login) in C:\Project\Policy-Administration-System\Authorization\Authorization\Controllers\AuthController.cs:line 47
   at lambda_method(Closure , Object , Object[] )
   at Microsoft.Extensions.Internal.ObjectMethodExecutor.Execute(Object target, Object[] parameters)
   at Microsoft.AspNetCore.Mvc.Infrastructure.ActionMethodExecutor.SyncActionResultExecutor.Execute(IActionResultTypeMapper mapper, ObjectMethodExecutor executor, Object controller, Object[] arguments)
   at Microsoft.AspNetCore.Mvc.Infrastructure.ControllerActionInvoker.InvokeActionMethodAsync()
   at Microsoft.AspNetCore.Mvc.Infrastructure.ControllerActionInvoker.Next(State& next, Scope& scope, Object& state, Boolean& isCompleted)
   at Microsoft.AspNetCore.Mvc.Infrastructure.ControllerActionInvoker.InvokeNextActionFilterAsync()
--- End of stack trace from previous location where exception was thrown ---
   at Microsoft.AspNetCore.Mvc.Infrastructure.ControllerActionInvoker.Rethrow(ActionExecutedContextSealed context)
   at Microsoft.AspNetCore.Mvc.Infrastructure.ControllerActionInvoker.Next(State& next, Scope& scope, Object& state, Boolean& isCompleted)
   at Microsoft.AspNetCore.Mvc.Infrastructure.ControllerActionInvoker.InvokeInnerFilterAsync()
--- End of stack trace from previous location where exception was thrown ---
   at Microsoft.AspNetCore.Mvc.Infrastructure.ResourceInvoker.<InvokeNextResourceFilter>g__Awaited|24_0(ResourceInvoker invoker, Task lastTask, State next, Scope scope, Object state, Boolean isCompleted)
   at Microsoft.AspNetCore.Mvc.Infrastructure.ResourceInvoker.Rethrow(ResourceExecutedContextSealed context)
   at Microsoft.AspNetCore.Mvc.Infrastructure.ResourceInvoker.Next(State& next, Scope& scope, Object& state, Boolean& isCompleted)
   at Microsoft.AspNetCore.Mvc.Infrastructure.ResourceInvoker.InvokeFilterPipelineAsync()
--- End of stack trace from previous location where exception was thrown ---
   at Microsoft.AspNetCore.Mvc.Infrastructure.ResourceInvoker.<InvokeAsync>g__Awaited|17_0(ResourceInvoker invoker, Task task, IDisposable scope)
   at Microsoft.AspNetCore.Routing.EndpointMiddleware.<Invoke>g__AwaitRequestTask|6_0(Endpoint endpoint, Task requestTask, ILogger logger)
   at Microsoft.AspNetCore.Authorization.AuthorizationMiddleware.Invoke(HttpContext context)
   at Microsoft.AspNetCore.Authentication.AuthenticationMiddleware.Invoke(HttpContext context)
   at Swashbuckle.AspNetCore.SwaggerUI.SwaggerUIMiddleware.Invoke(HttpContext httpContext)
   at Swashbuckle.AspNetCore.Swagger.SwaggerMiddleware.Invoke(HttpContext httpContext, ISwaggerProvider swaggerProvider)
   at Microsoft.AspNetCore.Diagnostics.DeveloperExceptionPageMiddleware.Invoke(HttpContext context)
INFO  04:12:17 Application started. Press Ctrl+C to shut down.
INFO  04:12:17 Application started. Press Ctrl+C to shut down.
INFO  04:12:17 Hosting environment: Development
INFO  04:12:17 Hosting environment: Development
INFO  04:12:17 Content root path: C:\Project\Policy-Administration-System\Authorization\Authorization
INFO  04:12:17 Content root path: C:\Project\Policy-Administration-System\Authorization\Authorization
INFO  04:12:42 Login initiated!
INFO  04:12:42 Validating the Agent!
INFO  04:12:42 Token Is Generated!
ERROR 04:12:44 An unhandled exception has occurred while executing the request.
System.ArgumentOutOfRangeException: IDX10653: The encryption algorithm 'System.String' requires a key size of at least 'System.Int32' bits. Key 'Microsoft.IdentityModel.Tokens.SymmetricSecurityKey', is of size: 'System.Int32'. (Parameter 'key')
   at Microsoft.IdentityModel.Tokens.SymmetricSignatureProvider..ctor(SecurityKey key, String algorithm, Boolean willCreateSignatures)
   at Microsoft.IdentityModel.Tokens.CryptoProviderFactory.CreateSignatureProvider(SecurityKey key, String algorithm, Boolean willCreateSignatures, Boolean cacheProvider)
   at Microsoft.IdentityModel.Tokens.CryptoProviderFactory.CreateForSigning(SecurityKey key, String algorithm, Boolean cacheProvider)
   at Microsoft.IdentityModel.Tokens.CryptoProviderFactory.CreateForSigning(SecurityKey key, String algorithm)
   at Microsoft.IdentityModel.JsonWebTokens.JwtTokenUtilities.CreateEncodedSignature(String input, SigningCredentials signingCredentials)
   at System.IdentityModel.Tokens.Jwt.JwtSecurityTokenHandler.WriteToken(SecurityToken token)
   at Authorization.Repositories.AuthRepository.GenerateJSONWebToken(Login agentInfo) in C:\Project\Policy-Administration-System\Authorization\Authorization\Repositories\AuthRepository.cs:line 41
   at Authorization.Controllers.AuthController.Login(Login login) in C:\Project\Policy-Administration-System\Authorization\Authorization\Controllers\AuthController.cs:line 47
   at lambda_method(Closure , Object , Object[] )
   at Microsoft.Extensions.Internal.ObjectMethodExecutor.Execute(Object target, Object[] parameters)
   at Microsoft.AspNetCore.Mvc.Infrastructure.ActionMethodExecutor.SyncActionResultExecutor.Execute(IActionResultTypeMapper mapper, ObjectMethodExecutor executor, Object controller, Object[] arguments)
   at Microsoft.AspNetCore.Mvc.Infrastructure.ControllerActionInvoker.InvokeActionMethodAsync()
   at Microsoft.AspNetCore.Mvc.Infrastructure.ControllerActionInvoker.Next(State& next, Scope& scope, Object& state, Boolean& isCompleted)
   at Microsoft.AspNetCore.Mvc.Infrastructure.ControllerActionInvoker.InvokeNextActionFilterAsync()
--- End of stack trace from previous location where exception was thrown ---
   at Microsoft.AspNetCore.Mvc.Infrastructure.ControllerActionInvoker.Rethrow(ActionExecutedContextSealed context)
   at Microsoft.AspNetCore.Mvc.Infrastructure.ControllerActionInvoker.Next(State& next, Scope& scope, Object& state, Boolean& isCompleted)
   at Microsoft.AspNetCore.Mvc.Infrastructure.ControllerActionInvoker.InvokeInnerFilterAsync()
--- End of stack trace from previous location where exception was thrown ---
   at Microsoft.AspNetCore.Mvc.Infrastructure.ResourceInvoker.<InvokeNextResourceFilter>g__Awaited|24_0(ResourceInvoker invoker, Task lastTask, State next, Scope scope, Object state, Boolean isCompleted)
   at Microsoft.AspNetCore.Mvc.Infrastructure.ResourceInvoker.Rethrow(ResourceExecutedContextSealed context)
   at Microsoft.AspNetCore.Mvc.Infrastructure.ResourceInvoker.Next(State& next, Scope& scope, Object& state, Boolean& isCompleted)
   at Microsoft.AspNetCore.Mvc.Infrastructure.ResourceInvoker.InvokeFilterPipelineAsync()
--- End of stack trace from previous location where exception was thrown ---
   at Microsoft.AspNetCore.Mvc.Infrastructure.ResourceInvoker.<InvokeAsync>g__Awaited|17_0(ResourceInvoker invoker, Task task, IDisposable scope)
   at Microsoft.AspNetCore.Routing.EndpointMiddleware.<Invoke>g__AwaitRequestTask|6_0(Endpoint endpoint, Task requestTask, ILogger logger)
   at Microsoft.AspNetCore.Authorization.AuthorizationMiddleware.Invoke(HttpContext context)
   at Microsoft.AspNetCore.Authentication.AuthenticationMiddleware.Invoke(HttpContext context)
   at Swashbuckle.AspNetCore.SwaggerUI.SwaggerUIMiddleware.Invoke(HttpContext httpContext)
   at Swashbuckle.AspNetCore.Swagger.SwaggerMiddleware.Invoke(HttpContext httpContext, ISwaggerProvider swaggerProvider)
   at Microsoft.AspNetCore.Diagnostics.DeveloperExceptionPageMiddleware.Invoke(HttpContext context)
ERROR 04:12:44 An unhandled exception has occurred while executing the request.
System.ArgumentOutOfRangeException: IDX10653: The encryption algorithm 'System.String' requires a key size of at least 'System.Int32' bits. Key 'Microsoft.IdentityModel.Tokens.SymmetricSecurityKey', is of size: 'System.Int32'. (Parameter 'key')
   at Microsoft.IdentityModel.Tokens.SymmetricSignatureProvider..ctor(SecurityKey key, String algorithm, Boolean willCreateSignatures)
   at Microsoft.IdentityModel.Tokens.CryptoProviderFactory.CreateSignatureProvider(SecurityKey key, String algorithm, Boolean willCreateSignatures, Boolean cacheProvider)
   at Microsoft.IdentityModel.Tokens.CryptoProviderFactory.CreateForSigning(SecurityKey key, String algorithm, Boolean cacheProvider)
   at Microsoft.IdentityModel.Tokens.CryptoProviderFactory.CreateForSigning(SecurityKey key, String algorithm)
   at Microsoft.IdentityModel.JsonWebTokens.JwtTokenUtilities.CreateEncodedSignature(String input, SigningCredentials signingCredentials)
   at System.IdentityModel.Tokens.Jwt.JwtSecurityTokenHandler.WriteToken(SecurityToken token)
   at Authorization.Repositories.AuthRepository.GenerateJSONWebToken(Login agentInfo) in C:\Project\Policy-Administration-System\Authorization\Authorization\Repositories\AuthRepository.cs:line 41
   at Authorization.Controllers.AuthController.Login(Login login) in C:\Project\Policy-Administration-System\Authorization\Authorization\Controllers\AuthController.cs:line 47
   at lambda_method(Closure , Object , Object[] )
   at Microsoft.Extensions.Internal.ObjectMethodExecutor.Execute(Object target, Object[] parameters)
   at Microsoft.AspNetCore.Mvc.Infrastructure.ActionMethodExecutor.SyncActionResultExecutor.Execute(IActionResultTypeMapper mapper, ObjectMethodExecutor executor, Object controller, Object[] arguments)
   at Microsoft.AspNetCore.Mvc.Infrastructure.ControllerActionInvoker.InvokeActionMethodAsync()
   at Microsoft.AspNetCore.Mvc.Infrastructure.ControllerActionInvoker.Next(State& next, Scope& scope, Object& state, Boolean& isCompleted)
   at Microsoft.AspNetCore.Mvc.Infrastructure.ControllerActionInvoker.InvokeNextActionFilterAsync()
--- End of stack trace from previous location where exception was thrown ---
   at Microsoft.AspNetCore.Mvc.Infrastructure.ControllerActionInvoker.Rethrow(ActionExecutedContextSealed context)
   at Microsoft.AspNetCore.Mvc.Infrastructure.ControllerActionInvoker.Next(State& next, Scope& scope, Object& state, Boolean& isCompleted)
   at Microsoft.AspNetCore.Mvc.Infrastructure.ControllerActionInvoker.InvokeInnerFilterAsync()
--- End of stack trace from previous location where exception was thrown ---
   at Microsoft.AspNetCore.Mvc.Infrastructure.ResourceInvoker.<InvokeNextResourceFilter>g__Awaited|24_0(ResourceInvoker invoker, Task lastTask, State next, Scope scope, Object state, Boolean isCompleted)
   at Microsoft.AspNetCore.Mvc.Infrastructure.ResourceInvoker.Rethrow(ResourceExecutedContextSealed context)
   at Microsoft.AspNetCore.Mvc.Infrastructure.ResourceInvoker.Next(State& next, Scope& scope, Object& state, Boolean& isCompleted)
   at Microsoft.AspNetCore.Mvc.Infrastructure.ResourceInvoker.InvokeFilterPipelineAsync()
--- End of stack trace from previous location where exception was thrown ---
   at Microsoft.AspNetCore.Mvc.Infrastructure.ResourceInvoker.<InvokeAsync>g__Awaited|17_0(ResourceInvoker invoker, Task task, IDisposable scope)
   at Microsoft.AspNetCore.Routing.EndpointMiddleware.<Invoke>g__AwaitRequestTask|6_0(Endpoint endpoint, Task requestTask, ILogger logger)
   at Microsoft.AspNetCore.Authorization.AuthorizationMiddleware.Invoke(HttpContext context)
   at Microsoft.AspNetCore.Authentication.AuthenticationMiddleware.Invoke(HttpContext context)
   at Swashbuckle.AspNetCore.SwaggerUI.SwaggerUIMiddleware.Invoke(HttpContext httpContext)
   at Swashbuckle.AspNetCore.Swagger.SwaggerMiddleware.Invoke(HttpContext httpContext, ISwaggerProvider swaggerProvider)
   at Microsoft.AspNetCore.Diagnostics.DeveloperExceptionPageMiddleware.Invoke(HttpContext context)
INFO  04:16:35 Application started. Press Ctrl+C to shut down.
INFO  04:16:35 Application started. Press Ctrl+C to shut down.
INFO  04:16:35 Hosting environment: Development
INFO  04:16:35 Hosting environment: Development
INFO  04:16:35 Content root path: C:\Project\Policy-Administration-System\Authorization\Authorization
INFO  04:16:35 Content root path: C:\Project\Policy-Administration-System\Authorization\Authorization
INFO  04:17:21 Application started. Press Ctrl+C to shut down.
INFO  04:17:21 Application started. Press Ctrl+C to shut down.
INFO  04:17:21 Hosting environment: Development
INFO  04:17:21 Hosting environment: Development
INFO  04:17:21 Content root path: C:\Project\Policy-Administration-System\Authorization\Authorization
INFO  04:17:21 Content root path: C:\Project\Policy-Administration-System\Authorization\Authorization
INFO  04:19:57 Application started. Press Ctrl+C to shut down.
INFO  04:19:57 Application started. Press Ctrl+C to shut down.
INFO  04:19:57 Hosting environment: Development
INFO  04:19:57 Hosting environment: Development
INFO  04:19:57 Content root path: C:\Project\Policy-Administration-System\Authorization\Authorization
INFO  04:19:57 Content root path: C:\Project\Policy-Administration-System\Authorization\Authorization
INFO  04:21:35 Application started. Press Ctrl+C to shut down.
INFO  04:21:35 Application started. Press Ctrl+C to shut down.
INFO  04:21:35 Hosting environment: Development
INFO  04:21:35 Hosting environment: Development
INFO  04:21:35 Content root path: C:\Project\Policy-Administration-System\Authorization\Authorization
INFO  04:21:35 Content root path: C:\Project\Policy-Administration-System\Authorization\Authorization
INFO  04:26:25 Application started. Press Ctrl+C to shut down.
INFO  04:26:25 Application started. Press Ctrl+C to shut down.
INFO  04:26:25 Hosting environment: Development
INFO  04:26:25 Hosting environment: Development
INFO  04:26:25 Content root path: C:\Project\Policy-Administration-System\Authorization\Authorization
INFO  04:26:25 Content root path: C:\Project\Policy-Administration-System\Authorization\Authorization
INFO  04:37:02 Application started. Press Ctrl+C to shut down.
INFO  04:37:02 Application started. Press Ctrl+C to shut down.
INFO  04:37:02 Hosting environment: Development
INFO  04:37:02 Hosting environment: Development
INFO  04:37:02 Content root path: C:\Project\Policy-Administration-System\Authorization\Authorization
INFO  04:37:02 Content root path: C:\Project\Policy-Administration-System\Authorization\Authorization
INFO  04:37:45 Login initiated!
INFO  04:38:10 Validating the Agent!
INFO  04:40:23 Token Is Generated!
ERROR 04:41:54 An unhandled exception has occurred while executing the request.
System.ArgumentOutOfRangeException: IDX10653: The encryption algorithm 'System.String' requires a key size of at least 'System.Int32' bits. Key 'Microsoft.IdentityModel.Tokens.SymmetricSecurityKey', is of size: 'System.Int32'. (Parameter 'key')
   at Microsoft.IdentityModel.Tokens.SymmetricSignatureProvider..ctor(SecurityKey key, String algorithm, Boolean willCreateSignatures)
   at Microsoft.IdentityModel.Tokens.CryptoProviderFactory.CreateSignatureProvider(SecurityKey key, String algorithm, Boolean willCreateSignatures, Boolean cacheProvider)
   at Microsoft.IdentityModel.Tokens.CryptoProviderFactory.CreateForSigning(SecurityKey key, String algorithm, Boolean cacheProvider)
   at Microsoft.IdentityModel.Tokens.CryptoProviderFactory.CreateForSigning(SecurityKey key, String algorithm)
   at Microsoft.IdentityModel.JsonWebTokens.JwtTokenUtilities.CreateEncodedSignature(String input, SigningCredentials signingCredentials)
   at System.IdentityModel.Tokens.Jwt.JwtSecurityTokenHandler.WriteToken(SecurityToken token)
   at Authorization.Repositories.AuthRepository.GenerateJSONWebToken(Login agentInfo) in C:\Project\Policy-Administration-System\Authorization\Authorization\Repositories\AuthRepository.cs:line 41
   at Authorization.Controllers.AuthController.Login(Login login) in C:\Project\Policy-Administration-System\Authorization\Authorization\Controllers\AuthController.cs:line 47
   at lambda_method(Closure , Object , Object[] )
   at Microsoft.Extensions.Internal.ObjectMethodExecutor.Execute(Object target, Object[] parameters)
   at Microsoft.AspNetCore.Mvc.Infrastructure.ActionMethodExecutor.SyncActionResultExecutor.Execute(IActionResultTypeMapper mapper, ObjectMethodExecutor executor, Object controller, Object[] arguments)
   at Microsoft.AspNetCore.Mvc.Infrastructure.ControllerActionInvoker.InvokeActionMethodAsync()
   at Microsoft.AspNetCore.Mvc.Infrastructure.ControllerActionInvoker.Next(State& next, Scope& scope, Object& state, Boolean& isCompleted)
   at Microsoft.AspNetCore.Mvc.Infrastructure.ControllerActionInvoker.InvokeNextActionFilterAsync()
--- End of stack trace from previous location where exception was thrown ---
   at Microsoft.AspNetCore.Mvc.Infrastructure.ControllerActionInvoker.Rethrow(ActionExecutedContextSealed context)
   at Microsoft.AspNetCore.Mvc.Infrastructure.ControllerActionInvoker.Next(State& next, Scope& scope, Object& state, Boolean& isCompleted)
   at Microsoft.AspNetCore.Mvc.Infrastructure.ControllerActionInvoker.InvokeInnerFilterAsync()
--- End of stack trace from previous location where exception was thrown ---
   at Microsoft.AspNetCore.Mvc.Infrastructure.ResourceInvoker.<InvokeNextResourceFilter>g__Awaited|24_0(ResourceInvoker invoker, Task lastTask, State next, Scope scope, Object state, Boolean isCompleted)
   at Microsoft.AspNetCore.Mvc.Infrastructure.ResourceInvoker.Rethrow(ResourceExecutedContextSealed context)
   at Microsoft.AspNetCore.Mvc.Infrastructure.ResourceInvoker.Next(State& next, Scope& scope, Object& state, Boolean& isCompleted)
   at Microsoft.AspNetCore.Mvc.Infrastructure.ResourceInvoker.InvokeFilterPipelineAsync()
--- End of stack trace from previous location where exception was thrown ---
   at Microsoft.AspNetCore.Mvc.Infrastructure.ResourceInvoker.<InvokeAsync>g__Awaited|17_0(ResourceInvoker invoker, Task task, IDisposable scope)
   at Microsoft.AspNetCore.Routing.EndpointMiddleware.<Invoke>g__AwaitRequestTask|6_0(Endpoint endpoint, Task requestTask, ILogger logger)
   at Microsoft.AspNetCore.Authorization.AuthorizationMiddleware.Invoke(HttpContext context)
   at Microsoft.AspNetCore.Authentication.AuthenticationMiddleware.Invoke(HttpContext context)
   at Swashbuckle.AspNetCore.SwaggerUI.SwaggerUIMiddleware.Invoke(HttpContext httpContext)
   at Swashbuckle.AspNetCore.Swagger.SwaggerMiddleware.Invoke(HttpContext httpContext, ISwaggerProvider swaggerProvider)
   at Microsoft.AspNetCore.Diagnostics.DeveloperExceptionPageMiddleware.Invoke(HttpContext context)
ERROR 04:41:54 An unhandled exception has occurred while executing the request.
System.ArgumentOutOfRangeException: IDX10653: The encryption algorithm 'System.String' requires a key size of at least 'System.Int32' bits. Key 'Microsoft.IdentityModel.Tokens.SymmetricSecurityKey', is of size: 'System.Int32'. (Parameter 'key')
   at Microsoft.IdentityModel.Tokens.SymmetricSignatureProvider..ctor(SecurityKey key, String algorithm, Boolean willCreateSignatures)
   at Microsoft.IdentityModel.Tokens.CryptoProviderFactory.CreateSignatureProvider(SecurityKey key, String algorithm, Boolean willCreateSignatures, Boolean cacheProvider)
   at Microsoft.IdentityModel.Tokens.CryptoProviderFactory.CreateForSigning(SecurityKey key, String algorithm, Boolean cacheProvider)
   at Microsoft.IdentityModel.Tokens.CryptoProviderFactory.CreateForSigning(SecurityKey key, String algorithm)
   at Microsoft.IdentityModel.JsonWebTokens.JwtTokenUtilities.CreateEncodedSignature(String input, SigningCredentials signingCredentials)
   at System.IdentityModel.Tokens.Jwt.JwtSecurityTokenHandler.WriteToken(SecurityToken token)
   at Authorization.Repositories.AuthRepository.GenerateJSONWebToken(Login agentInfo) in C:\Project\Policy-Administration-System\Authorization\Authorization\Repositories\AuthRepository.cs:line 41
   at Authorization.Controllers.AuthController.Login(Login login) in C:\Project\Policy-Administration-System\Authorization\Authorization\Controllers\AuthController.cs:line 47
   at lambda_method(Closure , Object , Object[] )
   at Microsoft.Extensions.Internal.ObjectMethodExecutor.Execute(Object target, Object[] parameters)
   at Microsoft.AspNetCore.Mvc.Infrastructure.ActionMethodExecutor.SyncActionResultExecutor.Execute(IActionResultTypeMapper mapper, ObjectMethodExecutor executor, Object controller, Object[] arguments)
   at Microsoft.AspNetCore.Mvc.Infrastructure.ControllerActionInvoker.InvokeActionMethodAsync()
   at Microsoft.AspNetCore.Mvc.Infrastructure.ControllerActionInvoker.Next(State& next, Scope& scope, Object& state, Boolean& isCompleted)
   at Microsoft.AspNetCore.Mvc.Infrastructure.ControllerActionInvoker.InvokeNextActionFilterAsync()
--- End of stack trace from previous location where exception was thrown ---
   at Microsoft.AspNetCore.Mvc.Infrastructure.ControllerActionInvoker.Rethrow(ActionExecutedContextSealed context)
   at Microsoft.AspNetCore.Mvc.Infrastructure.ControllerActionInvoker.Next(State& next, Scope& scope, Object& state, Boolean& isCompleted)
   at Microsoft.AspNetCore.Mvc.Infrastructure.ControllerActionInvoker.InvokeInnerFilterAsync()
--- End of stack trace from previous location where exception was thrown ---
   at Microsoft.AspNetCore.Mvc.Infrastructure.ResourceInvoker.<InvokeNextResourceFilter>g__Awaited|24_0(ResourceInvoker invoker, Task lastTask, State next, Scope scope, Object state, Boolean isCompleted)
   at Microsoft.AspNetCore.Mvc.Infrastructure.ResourceInvoker.Rethrow(ResourceExecutedContextSealed context)
   at Microsoft.AspNetCore.Mvc.Infrastructure.ResourceInvoker.Next(State& next, Scope& scope, Object& state, Boolean& isCompleted)
   at Microsoft.AspNetCore.Mvc.Infrastructure.ResourceInvoker.InvokeFilterPipelineAsync()
--- End of stack trace from previous location where exception was thrown ---
   at Microsoft.AspNetCore.Mvc.Infrastructure.ResourceInvoker.<InvokeAsync>g__Awaited|17_0(ResourceInvoker invoker, Task task, IDisposable scope)
   at Microsoft.AspNetCore.Routing.EndpointMiddleware.<Invoke>g__AwaitRequestTask|6_0(Endpoint endpoint, Task requestTask, ILogger logger)
   at Microsoft.AspNetCore.Authorization.AuthorizationMiddleware.Invoke(HttpContext context)
   at Microsoft.AspNetCore.Authentication.AuthenticationMiddleware.Invoke(HttpContext context)
   at Swashbuckle.AspNetCore.SwaggerUI.SwaggerUIMiddleware.Invoke(HttpContext httpContext)
   at Swashbuckle.AspNetCore.Swagger.SwaggerMiddleware.Invoke(HttpContext httpContext, ISwaggerProvider swaggerProvider)
   at Microsoft.AspNetCore.Diagnostics.DeveloperExceptionPageMiddleware.Invoke(HttpContext context)
INFO  04:51:00 Application started. Press Ctrl+C to shut down.
INFO  04:51:00 Application started. Press Ctrl+C to shut down.
INFO  04:51:00 Hosting environment: Development
INFO  04:51:00 Hosting environment: Development
INFO  04:51:00 Content root path: C:\Project\Policy-Administration-System\Authorization\Authorization
INFO  04:51:00 Content root path: C:\Project\Policy-Administration-System\Authorization\Authorization
INFO  09:49:07 Application started. Press Ctrl+C to shut down.
INFO  09:49:07 Application started. Press Ctrl+C to shut down.
INFO  09:49:07 Hosting environment: Development
INFO  09:49:07 Hosting environment: Development
INFO  09:49:07 Content root path: C:\Stage -3 and 4\Policy-Administration-System\Authorization\Authorization
INFO  09:49:07 Content root path: C:\Stage -3 and 4\Policy-Administration-System\Authorization\Authorization
INFO  09:49:33 Login initiated!
INFO  09:49:33 Validating the Agent!
INFO  09:49:33 Token Is Generated!
ERROR 09:49:35 An unhandled exception has occurred while executing the request.
System.ArgumentOutOfRangeException: IDX10653: The encryption algorithm 'System.String' requires a key size of at least 'System.Int32' bits. Key 'Microsoft.IdentityModel.Tokens.SymmetricSecurityKey', is of size: 'System.Int32'. (Parameter 'key')
   at Microsoft.IdentityModel.Tokens.SymmetricSignatureProvider..ctor(SecurityKey key, String algorithm, Boolean willCreateSignatures)
   at Microsoft.IdentityModel.Tokens.CryptoProviderFactory.CreateSignatureProvider(SecurityKey key, String algorithm, Boolean willCreateSignatures, Boolean cacheProvider)
   at Microsoft.IdentityModel.Tokens.CryptoProviderFactory.CreateForSigning(SecurityKey key, String algorithm, Boolean cacheProvider)
   at Microsoft.IdentityModel.Tokens.CryptoProviderFactory.CreateForSigning(SecurityKey key, String algorithm)
   at Microsoft.IdentityModel.JsonWebTokens.JwtTokenUtilities.CreateEncodedSignature(String input, SigningCredentials signingCredentials)
   at System.IdentityModel.Tokens.Jwt.JwtSecurityTokenHandler.WriteToken(SecurityToken token)
   at Authorization.Repositories.AuthRepository.GenerateJSONWebToken(Login agentInfo) in C:\Project\Policy-Administration-System\Authorization\Authorization\Repositories\AuthRepository.cs:line 41
   at Authorization.Controllers.AuthController.Login(Login login) in C:\Project\Policy-Administration-System\Authorization\Authorization\Controllers\AuthController.cs:line 47
   at lambda_method(Closure , Object , Object[] )
   at Microsoft.Extensions.Internal.ObjectMethodExecutor.Execute(Object target, Object[] parameters)
   at Microsoft.AspNetCore.Mvc.Infrastructure.ActionMethodExecutor.SyncActionResultExecutor.Execute(IActionResultTypeMapper mapper, ObjectMethodExecutor executor, Object controller, Object[] arguments)
   at Microsoft.AspNetCore.Mvc.Infrastructure.ControllerActionInvoker.InvokeActionMethodAsync()
   at Microsoft.AspNetCore.Mvc.Infrastructure.ControllerActionInvoker.Next(State& next, Scope& scope, Object& state, Boolean& isCompleted)
   at Microsoft.AspNetCore.Mvc.Infrastructure.ControllerActionInvoker.InvokeNextActionFilterAsync()
--- End of stack trace from previous location where exception was thrown ---
   at Microsoft.AspNetCore.Mvc.Infrastructure.ControllerActionInvoker.Rethrow(ActionExecutedContextSealed context)
   at Microsoft.AspNetCore.Mvc.Infrastructure.ControllerActionInvoker.Next(State& next, Scope& scope, Object& state, Boolean& isCompleted)
   at Microsoft.AspNetCore.Mvc.Infrastructure.ControllerActionInvoker.InvokeInnerFilterAsync()
--- End of stack trace from previous location where exception was thrown ---
   at Microsoft.AspNetCore.Mvc.Infrastructure.ResourceInvoker.<InvokeNextResourceFilter>g__Awaited|24_0(ResourceInvoker invoker, Task lastTask, State next, Scope scope, Object state, Boolean isCompleted)
   at Microsoft.AspNetCore.Mvc.Infrastructure.ResourceInvoker.Rethrow(ResourceExecutedContextSealed context)
   at Microsoft.AspNetCore.Mvc.Infrastructure.ResourceInvoker.Next(State& next, Scope& scope, Object& state, Boolean& isCompleted)
   at Microsoft.AspNetCore.Mvc.Infrastructure.ResourceInvoker.InvokeFilterPipelineAsync()
--- End of stack trace from previous location where exception was thrown ---
   at Microsoft.AspNetCore.Mvc.Infrastructure.ResourceInvoker.<InvokeAsync>g__Awaited|17_0(ResourceInvoker invoker, Task task, IDisposable scope)
   at Microsoft.AspNetCore.Routing.EndpointMiddleware.<Invoke>g__AwaitRequestTask|6_0(Endpoint endpoint, Task requestTask, ILogger logger)
   at Microsoft.AspNetCore.Authorization.AuthorizationMiddleware.Invoke(HttpContext context)
   at Microsoft.AspNetCore.Authentication.AuthenticationMiddleware.Invoke(HttpContext context)
   at Swashbuckle.AspNetCore.SwaggerUI.SwaggerUIMiddleware.Invoke(HttpContext httpContext)
   at Swashbuckle.AspNetCore.Swagger.SwaggerMiddleware.Invoke(HttpContext httpContext, ISwaggerProvider swaggerProvider)
   at Microsoft.AspNetCore.Diagnostics.DeveloperExceptionPageMiddleware.Invoke(HttpContext context)
ERROR 09:49:35 An unhandled exception has occurred while executing the request.
System.ArgumentOutOfRangeException: IDX10653: The encryption algorithm 'System.String' requires a key size of at least 'System.Int32' bits. Key 'Microsoft.IdentityModel.Tokens.SymmetricSecurityKey', is of size: 'System.Int32'. (Parameter 'key')
   at Microsoft.IdentityModel.Tokens.SymmetricSignatureProvider..ctor(SecurityKey key, String algorithm, Boolean willCreateSignatures)
   at Microsoft.IdentityModel.Tokens.CryptoProviderFactory.CreateSignatureProvider(SecurityKey key, String algorithm, Boolean willCreateSignatures, Boolean cacheProvider)
   at Microsoft.IdentityModel.Tokens.CryptoProviderFactory.CreateForSigning(SecurityKey key, String algorithm, Boolean cacheProvider)
   at Microsoft.IdentityModel.Tokens.CryptoProviderFactory.CreateForSigning(SecurityKey key, String algorithm)
   at Microsoft.IdentityModel.JsonWebTokens.JwtTokenUtilities.CreateEncodedSignature(String input, SigningCredentials signingCredentials)
   at System.IdentityModel.Tokens.Jwt.JwtSecurityTokenHandler.WriteToken(SecurityToken token)
   at Authorization.Repositories.AuthRepository.GenerateJSONWebToken(Login agentInfo) in C:\Project\Policy-Administration-System\Authorization\Authorization\Repositories\AuthRepository.cs:line 41
   at Authorization.Controllers.AuthController.Login(Login login) in C:\Project\Policy-Administration-System\Authorization\Authorization\Controllers\AuthController.cs:line 47
   at lambda_method(Closure , Object , Object[] )
   at Microsoft.Extensions.Internal.ObjectMethodExecutor.Execute(Object target, Object[] parameters)
   at Microsoft.AspNetCore.Mvc.Infrastructure.ActionMethodExecutor.SyncActionResultExecutor.Execute(IActionResultTypeMapper mapper, ObjectMethodExecutor executor, Object controller, Object[] arguments)
   at Microsoft.AspNetCore.Mvc.Infrastructure.ControllerActionInvoker.InvokeActionMethodAsync()
   at Microsoft.AspNetCore.Mvc.Infrastructure.ControllerActionInvoker.Next(State& next, Scope& scope, Object& state, Boolean& isCompleted)
   at Microsoft.AspNetCore.Mvc.Infrastructure.ControllerActionInvoker.InvokeNextActionFilterAsync()
--- End of stack trace from previous location where exception was thrown ---
   at Microsoft.AspNetCore.Mvc.Infrastructure.ControllerActionInvoker.Rethrow(ActionExecutedContextSealed context)
   at Microsoft.AspNetCore.Mvc.Infrastructure.ControllerActionInvoker.Next(State& next, Scope& scope, Object& state, Boolean& isCompleted)
   at Microsoft.AspNetCore.Mvc.Infrastructure.ControllerActionInvoker.InvokeInnerFilterAsync()
--- End of stack trace from previous location where exception was thrown ---
   at Microsoft.AspNetCore.Mvc.Infrastructure.ResourceInvoker.<InvokeNextResourceFilter>g__Awaited|24_0(ResourceInvoker invoker, Task lastTask, State next, Scope scope, Object state, Boolean isCompleted)
   at Microsoft.AspNetCore.Mvc.Infrastructure.ResourceInvoker.Rethrow(ResourceExecutedContextSealed context)
   at Microsoft.AspNetCore.Mvc.Infrastructure.ResourceInvoker.Next(State& next, Scope& scope, Object& state, Boolean& isCompleted)
   at Microsoft.AspNetCore.Mvc.Infrastructure.ResourceInvoker.InvokeFilterPipelineAsync()
--- End of stack trace from previous location where exception was thrown ---
   at Microsoft.AspNetCore.Mvc.Infrastructure.ResourceInvoker.<InvokeAsync>g__Awaited|17_0(ResourceInvoker invoker, Task task, IDisposable scope)
   at Microsoft.AspNetCore.Routing.EndpointMiddleware.<Invoke>g__AwaitRequestTask|6_0(Endpoint endpoint, Task requestTask, ILogger logger)
   at Microsoft.AspNetCore.Authorization.AuthorizationMiddleware.Invoke(HttpContext context)
   at Microsoft.AspNetCore.Authentication.AuthenticationMiddleware.Invoke(HttpContext context)
   at Swashbuckle.AspNetCore.SwaggerUI.SwaggerUIMiddleware.Invoke(HttpContext httpContext)
   at Swashbuckle.AspNetCore.Swagger.SwaggerMiddleware.Invoke(HttpContext httpContext, ISwaggerProvider swaggerProvider)
   at Microsoft.AspNetCore.Diagnostics.DeveloperExceptionPageMiddleware.Invoke(HttpContext context)
INFO  09:50:49 Application started. Press Ctrl+C to shut down.
INFO  09:50:49 Application started. Press Ctrl+C to shut down.
INFO  09:50:49 Hosting environment: Development
INFO  09:50:49 Hosting environment: Development
INFO  09:50:49 Content root path: C:\Stage -3 and 4\Policy-Administration-System\Authorization\Authorization
INFO  09:50:49 Content root path: C:\Stage -3 and 4\Policy-Administration-System\Authorization\Authorization
INFO  09:51:49 Application started. Press Ctrl+C to shut down.
INFO  09:51:49 Application started. Press Ctrl+C to shut down.
INFO  09:51:49 Hosting environment: Development
INFO  09:51:49 Hosting environment: Development
INFO  09:51:49 Content root path: C:\Stage -3 and 4\Policy-Administration-System\Authorization\Authorization
INFO  09:51:49 Content root path: C:\Stage -3 and 4\Policy-Administration-System\Authorization\Authorization
INFO  09:52:20 Login initiated!
INFO  09:52:20 Validating the Agent!
INFO  09:52:20 Token Is Generated!
INFO  03:21:22 Application started. Press Ctrl+C to shut down.
INFO  03:21:22 Application started. Press Ctrl+C to shut down.
INFO  03:21:22 Hosting environment: Development
INFO  03:21:22 Hosting environment: Development
INFO  03:21:22 Content root path: C:\Stage -3 and 4\Policy-Administration-System\Authorization\Authorization
INFO  03:21:22 Content root path: C:\Stage -3 and 4\Policy-Administration-System\Authorization\Authorization
INFO  03:23:57 Login initiated!
INFO  03:23:57 Validating the Agent!
INFO  03:23:57 Token Is Generated!
INFO  03:24:22 Login initiated!
INFO  03:24:22 Validating the Agent!
INFO  03:24:22 Token Is Generated!
INFO  03:44:00 Login initiated!
INFO  03:44:00 Validating the Agent!
INFO  03:44:00 Token Is Generated!
INFO  03:48:56 Login initiated!
INFO  03:48:56 Validating the Agent!
INFO  03:48:56 Token Is Generated!
INFO  03:52:43 Login initiated!
INFO  03:52:43 Validating the Agent!
INFO  03:52:43 Token Is Generated!
INFO  05:20:05 Login initiated!
INFO  05:20:05 Validating the Agent!
INFO  05:20:05 Token Is Generated!
INFO  05:20:23 Login initiated!
INFO  05:20:23 Validating the Agent!
INFO  05:20:23 Token Is Generated!
INFO  06:21:04 Login initiated!
INFO  06:21:04 Validating the Agent!
INFO  06:21:04 Token Is Generated!
INFO  06:22:40 Login initiated!
INFO  06:22:40 Validating the Agent!
INFO  06:22:40 Token Is Generated!
INFO  06:26:22 Login initiated!
INFO  06:26:22 Validating the Agent!
INFO  06:26:22 Token Is Generated!
INFO  06:29:11 Login initiated!
INFO  06:29:11 Validating the Agent!
INFO  06:29:11 Token Is Generated!
INFO  06:43:53 Login initiated!
INFO  06:43:53 Validating the Agent!
INFO  06:43:53 Token Is Generated!
INFO  06:47:35 Login initiated!
INFO  06:47:35 Validating the Agent!
INFO  06:47:35 Token Is Generated!
INFO  06:50:07 Login initiated!
INFO  06:50:07 Validating the Agent!
INFO  06:50:07 Token Is Generated!
INFO  07:02:32 Login initiated!
INFO  07:02:32 Validating the Agent!
INFO  07:02:32 Token Is Generated!
INFO  07:05:29 Login initiated!
INFO  07:05:29 Validating the Agent!
INFO  07:05:29 Token Is Generated!
INFO  07:33:25 Login initiated!
INFO  07:33:25 Validating the Agent!
INFO  07:33:35 Login initiated!
INFO  07:33:35 Validating the Agent!
INFO  07:33:35 Token Is Generated!
INFO  07:42:24 Login initiated!
INFO  07:42:24 Validating the Agent!
INFO  07:42:24 Token Is Generated!
INFO  07:21:37 Application started. Press Ctrl+C to shut down.
INFO  07:21:37 Application started. Press Ctrl+C to shut down.
INFO  07:21:37 Hosting environment: Development
INFO  07:21:37 Hosting environment: Development
INFO  07:21:37 Content root path: C:\Stage -3 and 4\Policy-Administration-System\Authorization\Authorization
INFO  07:21:37 Content root path: C:\Stage -3 and 4\Policy-Administration-System\Authorization\Authorization
INFO  07:22:00 Login initiated!
INFO  07:22:00 Validating the Agent!
INFO  07:22:08 Login initiated!
INFO  07:22:08 Validating the Agent!
INFO  07:22:08 Token Is Generated!
INFO  07:30:53 Login initiated!
INFO  07:30:53 Validating the Agent!
INFO  07:30:53 Token Is Generated!
INFO  07:48:41 Login initiated!
INFO  07:48:41 Validating the Agent!
INFO  07:48:41 Token Is Generated!
INFO  07:49:06 Login initiated!
INFO  07:49:06 Validating the Agent!
INFO  07:49:06 Token Is Generated!
INFO  07:52:46 Login initiated!
INFO  07:52:46 Validating the Agent!
INFO  07:52:46 Token Is Generated!
INFO  07:53:42 Login initiated!
INFO  07:53:42 Validating the Agent!
INFO  07:53:42 Token Is Generated!
INFO  08:55:03 Login initiated!
INFO  08:55:03 Validating the Agent!
INFO  08:55:03 Token Is Generated!
INFO  08:56:35 Login initiated!
INFO  08:56:35 Validating the Agent!
INFO  08:56:35 Token Is Generated!
INFO  11:25:45 Login initiated!
INFO  11:25:45 Validating the Agent!
INFO  11:25:45 Token Is Generated!
INFO  11:32:22 Login initiated!
INFO  11:32:22 Validating the Agent!
INFO  11:32:22 Token Is Generated!
INFO  12:05:32 Login initiated!
INFO  12:05:32 Validating the Agent!
INFO  12:05:32 Token Is Generated!
INFO  12:12:31 Login initiated!
INFO  12:12:31 Validating the Agent!
INFO  12:12:31 Token Is Generated!
INFO  12:14:44 Login initiated!
INFO  12:14:44 Validating the Agent!
INFO  12:14:44 Token Is Generated!
INFO  12:16:07 Login initiated!
INFO  12:16:07 Validating the Agent!
INFO  12:16:07 Token Is Generated!
INFO  12:16:55 Login initiated!
INFO  12:16:55 Validating the Agent!
INFO  12:16:55 Token Is Generated!
INFO  12:19:32 Login initiated!
INFO  12:19:32 Validating the Agent!
INFO  12:19:32 Token Is Generated!
INFO  12:35:11 Login initiated!
INFO  12:35:11 Validating the Agent!
INFO  12:35:11 Token Is Generated!
INFO  02:01:40 Application started. Press Ctrl+C to shut down.
INFO  02:01:40 Application started. Press Ctrl+C to shut down.
INFO  02:01:40 Hosting environment: Development
INFO  02:01:40 Hosting environment: Development
INFO  02:01:40 Content root path: C:\Stage -3 and 4\Policy-Administration-System\Authorization\Authorization
INFO  02:01:40 Content root path: C:\Stage -3 and 4\Policy-Administration-System\Authorization\Authorization
INFO  02:02:57 Login initiated!
INFO  02:02:57 Validating the Agent!
INFO  02:03:10 Login initiated!
INFO  02:03:10 Validating the Agent!
INFO  02:03:10 Token Is Generated!
INFO  02:08:14 Login initiated!
INFO  02:08:14 Validating the Agent!
INFO  02:08:14 Token Is Generated!
INFO  02:11:49 Login initiated!
INFO  02:11:49 Validating the Agent!
INFO  02:11:49 Token Is Generated!
INFO  02:22:01 Login initiated!
INFO  02:22:01 Validating the Agent!
INFO  02:22:01 Token Is Generated!
INFO  02:24:19 Login initiated!
INFO  02:24:19 Validating the Agent!
INFO  02:24:19 Token Is Generated!
INFO  02:28:32 Login initiated!
INFO  02:28:32 Validating the Agent!
INFO  02:28:32 Token Is Generated!
INFO  07:24:27 Login initiated!
INFO  07:24:27 Validating the Agent!
INFO  07:24:27 Token Is Generated!
INFO  07:25:58 Login initiated!
INFO  07:25:58 Validating the Agent!
INFO  07:25:58 Token Is Generated!
INFO  07:26:58 Login initiated!
INFO  07:26:58 Validating the Agent!
INFO  07:26:58 Token Is Generated!
INFO  07:59:14 Application started. Press Ctrl+C to shut down.
INFO  07:59:14 Application started. Press Ctrl+C to shut down.
INFO  07:59:14 Hosting environment: Development
INFO  07:59:14 Hosting environment: Development
INFO  07:59:14 Content root path: C:\Stage -3 and 4\Policy-Administration-System\Authorization\Authorization
INFO  07:59:14 Content root path: C:\Stage -3 and 4\Policy-Administration-System\Authorization\Authorization
INFO  08:00:09 Login initiated!
INFO  08:00:09 Validating the Agent!
INFO  08:00:09 Token Is Generated!
INFO  08:01:47 Login initiated!
INFO  08:01:47 Validating the Agent!
INFO  08:05:47 Login initiated!
INFO  08:05:47 Validating the Agent!
INFO  08:05:47 Token Is Generated!
INFO  08:12:15 Login initiated!
INFO  08:12:15 Validating the Agent!
INFO  08:12:15 Token Is Generated!
INFO  10:41:41 Login initiated!
INFO  10:41:41 Validating the Agent!
INFO  10:41:41 Token Is Generated!
INFO  10:46:28 Login initiated!
INFO  10:46:28 Validating the Agent!
INFO  10:46:28 Token Is Generated!
INFO  10:50:13 Login initiated!
INFO  10:50:13 Validating the Agent!
INFO  10:50:13 Token Is Generated!
INFO  10:59:44 Login initiated!
INFO  10:59:44 Validating the Agent!
INFO  10:59:44 Token Is Generated!
INFO  11:02:45 Login initiated!
INFO  11:02:45 Validating the Agent!
INFO  11:02:45 Token Is Generated!
INFO  11:10:31 Application started. Press Ctrl+C to shut down.
INFO  11:10:31 Application started. Press Ctrl+C to shut down.
INFO  11:10:31 Hosting environment: Development
INFO  11:10:31 Hosting environment: Development
INFO  11:10:31 Content root path: C:\Stage -3 and 4\Policy-Administration-System\Authorization\Authorization
INFO  11:10:31 Content root path: C:\Stage -3 and 4\Policy-Administration-System\Authorization\Authorization
INFO  11:11:34 Login initiated!
INFO  11:11:34 Validating the Agent!
INFO  11:11:34 Token Is Generated!
INFO  11:15:01 Login initiated!
INFO  11:15:01 Validating the Agent!
INFO  11:15:01 Token Is Generated!
INFO  11:16:44 Login initiated!
INFO  11:16:44 Validating the Agent!
INFO  11:16:44 Token Is Generated!
INFO  11:17:34 Login initiated!
INFO  11:17:34 Validating the Agent!
INFO  11:17:34 Token Is Generated!
INFO  11:24:31 Login initiated!
INFO  11:24:31 Validating the Agent!
INFO  11:24:31 Token Is Generated!
INFO  11:27:59 Login initiated!
INFO  11:27:59 Validating the Agent!
INFO  11:27:59 Token Is Generated!
INFO  01:49:37 Application started. Press Ctrl+C to shut down.
INFO  01:49:37 Application started. Press Ctrl+C to shut down.
INFO  01:49:37 Hosting environment: Development
INFO  01:49:37 Hosting environment: Development
INFO  01:49:37 Content root path: C:\Stage -3 and 4\Policy-Administration-System\Authorization\Authorization
INFO  01:49:37 Content root path: C:\Stage -3 and 4\Policy-Administration-System\Authorization\Authorization
INFO  01:50:53 Login initiated!
INFO  01:50:53 Validating the Agent!
INFO  01:50:53 Token Is Generated!
INFO  02:10:13 Login initiated!
INFO  02:10:13 Validating the Agent!
INFO  02:10:13 Token Is Generated!
INFO  02:27:38 Login initiated!
INFO  02:27:38 Validating the Agent!
INFO  02:27:38 Token Is Generated!
INFO  02:40:13 Login initiated!
INFO  02:40:13 Validating the Agent!
INFO  02:40:13 Token Is Generated!
INFO  02:43:50 Login initiated!
INFO  02:43:50 Validating the Agent!
INFO  02:43:50 Token Is Generated!
INFO  02:45:26 Login initiated!
INFO  02:45:26 Validating the Agent!
INFO  02:45:26 Token Is Generated!
INFO  02:48:30 Login initiated!
INFO  02:48:30 Validating the Agent!
INFO  02:48:30 Token Is Generated!
INFO  02:49:26 Login initiated!
INFO  02:49:26 Validating the Agent!
INFO  02:49:26 Token Is Generated!
INFO  03:10:33 Login initiated!
INFO  03:10:33 Validating the Agent!
INFO  03:10:33 Token Is Generated!
INFO  03:44:10 Login initiated!
INFO  03:44:10 Validating the Agent!
INFO  03:44:10 Token Is Generated!
INFO  03:54:11 Login initiated!
INFO  03:54:11 Validating the Agent!
INFO  03:54:11 Token Is Generated!
INFO  03:57:42 Login initiated!
INFO  03:57:42 Validating the Agent!
INFO  03:57:42 Token Is Generated!
INFO  04:12:31 Login initiated!
INFO  04:12:31 Validating the Agent!
INFO  04:12:31 Token Is Generated!
INFO  04:19:19 Application started. Press Ctrl+C to shut down.
INFO  04:19:19 Application started. Press Ctrl+C to shut down.
INFO  04:19:19 Hosting environment: Development
INFO  04:19:19 Hosting environment: Development
INFO  04:19:19 Content root path: C:\Stage -3 and 4\Policy-Administration-System\Authorization\Authorization
INFO  04:19:19 Content root path: C:\Stage -3 and 4\Policy-Administration-System\Authorization\Authorization
INFO  04:19:19 Login initiated!
INFO  04:19:19 Validating the Agent!
INFO  04:19:19 Token Is Generated!
INFO  04:20:31 Application started. Press Ctrl+C to shut down.
INFO  04:20:31 Application started. Press Ctrl+C to shut down.
INFO  04:20:31 Hosting environment: Development
INFO  04:20:31 Hosting environment: Development
INFO  04:20:31 Content root path: C:\Stage -3 and 4\Policy-Administration-System\Authorization\Authorization
INFO  04:20:31 Content root path: C:\Stage -3 and 4\Policy-Administration-System\Authorization\Authorization
INFO  04:20:31 Login initiated!
INFO  04:20:31 Validating the Agent!
INFO  04:20:31 Token Is Generated!
INFO  04:24:13 Login initiated!
INFO  04:24:13 Validating the Agent!
INFO  04:24:13 Token Is Generated!
INFO  04:45:08 Application started. Press Ctrl+C to shut down.
INFO  04:45:08 Application started. Press Ctrl+C to shut down.
INFO  04:45:08 Hosting environment: Development
INFO  04:45:08 Hosting environment: Development
INFO  04:45:08 Content root path: C:\Stage -3 and 4\Policy-Administration-System\Authorization\Authorization
INFO  04:45:08 Content root path: C:\Stage -3 and 4\Policy-Administration-System\Authorization\Authorization
INFO  04:45:08 Login initiated!
INFO  04:45:08 Validating the Agent!
INFO  04:45:08 Token Is Generated!
INFO  04:46:46 Application started. Press Ctrl+C to shut down.
INFO  04:46:46 Application started. Press Ctrl+C to shut down.
INFO  04:46:46 Hosting environment: Development
INFO  04:46:46 Hosting environment: Development
INFO  04:46:46 Content root path: C:\Stage -3 and 4\Policy-Administration-System\Authorization\Authorization
INFO  04:46:46 Content root path: C:\Stage -3 and 4\Policy-Administration-System\Authorization\Authorization
INFO  04:46:46 Login initiated!
INFO  04:46:46 Validating the Agent!
INFO  04:46:46 Token Is Generated!
INFO  04:48:11 Application started. Press Ctrl+C to shut down.
INFO  04:48:11 Application started. Press Ctrl+C to shut down.
INFO  04:48:11 Hosting environment: Development
INFO  04:48:11 Hosting environment: Development
INFO  04:48:11 Content root path: C:\Stage -3 and 4\Policy-Administration-System\Authorization\Authorization
INFO  04:48:11 Content root path: C:\Stage -3 and 4\Policy-Administration-System\Authorization\Authorization
INFO  04:48:37 Login initiated!
INFO  04:48:37 Validating the Agent!
INFO  04:48:37 Token Is Generated!
INFO  05:01:58 Login initiated!
INFO  05:01:58 Validating the Agent!
INFO  05:01:58 Token Is Generated!
INFO  05:03:30 Login initiated!
INFO  05:03:30 Validating the Agent!
INFO  05:03:30 Token Is Generated!
INFO  05:07:46 Login initiated!
INFO  05:07:46 Validating the Agent!
INFO  05:07:46 Token Is Generated!
INFO  05:10:46 Login initiated!
INFO  05:10:46 Validating the Agent!
INFO  05:10:46 Token Is Generated!
INFO  05:32:30 Application started. Press Ctrl+C to shut down.
INFO  05:32:30 Application started. Press Ctrl+C to shut down.
INFO  05:32:30 Hosting environment: Development
INFO  05:32:30 Hosting environment: Development
INFO  05:32:30 Content root path: C:\Stage -3 and 4\Policy-Administration-System\Authorization\Authorization
INFO  05:32:30 Content root path: C:\Stage -3 and 4\Policy-Administration-System\Authorization\Authorization
INFO  05:33:00 Login initiated!
INFO  05:33:00 Validating the Agent!
INFO  05:33:00 Token Is Generated!
INFO  07:42:54 Application started. Press Ctrl+C to shut down.
INFO  07:42:54 Application started. Press Ctrl+C to shut down.
INFO  07:42:54 Hosting environment: Development
INFO  07:42:54 Hosting environment: Development
INFO  07:42:54 Content root path: C:\Stage -3 and 4\Policy-Administration-System\Authorization\Authorization
INFO  07:42:54 Content root path: C:\Stage -3 and 4\Policy-Administration-System\Authorization\Authorization
INFO  08:51:32 Login initiated!
INFO  08:51:32 Validating the Agent!
INFO  08:51:32 Token Is Generated!
INFO  08:53:59 Login initiated!
INFO  08:53:59 Validating the Agent!
INFO  08:53:59 Token Is Generated!
INFO  08:57:15 Login initiated!
INFO  08:57:15 Validating the Agent!
INFO  08:57:15 Token Is Generated!
INFO  09:02:40 Login initiated!
INFO  09:02:40 Validating the Agent!
INFO  09:02:40 Token Is Generated!
INFO  09:03:28 Login initiated!
INFO  09:03:28 Validating the Agent!
INFO  09:03:28 Token Is Generated!
INFO  09:06:42 Login initiated!
INFO  09:06:42 Validating the Agent!
INFO  09:06:42 Token Is Generated!
INFO  09:09:29 Login initiated!
INFO  09:09:29 Validating the Agent!
INFO  09:09:29 Token Is Generated!
INFO  09:13:00 Login initiated!
INFO  09:13:00 Validating the Agent!
INFO  09:13:00 Token Is Generated!
INFO  09:16:16 Login initiated!
INFO  09:16:16 Validating the Agent!
INFO  09:16:16 Token Is Generated!
INFO  11:43:41 Application started. Press Ctrl+C to shut down.
INFO  11:43:41 Application started. Press Ctrl+C to shut down.
INFO  11:43:41 Hosting environment: Development
INFO  11:43:41 Hosting environment: Development
INFO  11:43:41 Content root path: C:\Stage -3 and 4\Policy-Administration-System\Authorization\Authorization
INFO  11:43:41 Content root path: C:\Stage -3 and 4\Policy-Administration-System\Authorization\Authorization
INFO  12:52:45 Login initiated!
INFO  12:52:45 Validating the Agent!
INFO  12:52:45 Token Is Generated!
INFO  12:56:30 Login initiated!
INFO  12:56:30 Validating the Agent!
INFO  12:56:30 Token Is Generated!
INFO  03:16:11 Login initiated!
INFO  03:16:11 Validating the Agent!
INFO  03:16:11 Token Is Generated!
INFO  05:40:05 Login initiated!
INFO  05:40:05 Validating the Agent!
INFO  05:40:05 Token Is Generated!
INFO  07:51:15 Login initiated!
INFO  07:51:15 Validating the Agent!
INFO  07:51:15 Token Is Generated!
INFO  07:54:56 Login initiated!
INFO  07:54:56 Validating the Agent!
INFO  07:54:56 Token Is Generated!
INFO  07:58:43 Login initiated!
INFO  07:58:43 Validating the Agent!
INFO  07:58:43 Token Is Generated!
INFO  08:04:34 Login initiated!
INFO  08:04:34 Validating the Agent!
INFO  08:04:34 Token Is Generated!
INFO  08:09:23 Login initiated!
INFO  08:09:23 Validating the Agent!
INFO  08:09:23 Token Is Generated!
INFO  09:35:23 Application started. Press Ctrl+C to shut down.
INFO  09:35:23 Application started. Press Ctrl+C to shut down.
INFO  09:35:23 Hosting environment: Development
INFO  09:35:23 Hosting environment: Development
INFO  09:35:23 Content root path: C:\Stage -3 and 4\Policy-Administration-System\Authorization\Authorization
INFO  09:35:23 Content root path: C:\Stage -3 and 4\Policy-Administration-System\Authorization\Authorization
INFO  09:38:48 Login initiated!
INFO  09:38:48 Validating the Agent!
INFO  09:38:48 Token Is Generated!
INFO  09:48:58 Login initiated!
INFO  09:48:58 Validating the Agent!
INFO  09:48:58 Token Is Generated!
INFO  09:52:12 Login initiated!
INFO  09:52:12 Validating the Agent!
INFO  09:52:12 Token Is Generated!
INFO  10:01:34 Login initiated!
INFO  10:01:34 Validating the Agent!
INFO  10:01:34 Token Is Generated!
INFO  10:03:09 Login initiated!
INFO  10:03:09 Validating the Agent!
INFO  10:03:09 Token Is Generated!
INFO  10:04:30 Login initiated!
INFO  10:04:30 Validating the Agent!
INFO  10:04:30 Token Is Generated!
INFO  10:05:11 Login initiated!
INFO  10:05:11 Validating the Agent!
INFO  10:05:11 Token Is Generated!
INFO  10:11:38 Login initiated!
INFO  10:11:38 Validating the Agent!
INFO  10:11:38 Token Is Generated!
INFO  10:16:20 Login initiated!
INFO  10:16:20 Validating the Agent!
INFO  10:16:20 Token Is Generated!
INFO  10:46:51 Login initiated!
INFO  10:46:51 Validating the Agent!
INFO  10:46:59 Login initiated!
INFO  10:46:59 Validating the Agent!
INFO  10:46:59 Token Is Generated!
INFO  10:57:36 Login initiated!
INFO  10:57:36 Validating the Agent!
INFO  10:57:36 Token Is Generated!
INFO  10:59:40 Login initiated!
INFO  10:59:40 Validating the Agent!
INFO  10:59:40 Token Is Generated!
INFO  11:07:17 Login initiated!
INFO  11:07:17 Validating the Agent!
INFO  11:07:17 Token Is Generated!
INFO  11:13:44 Login initiated!
INFO  11:13:44 Validating the Agent!
INFO  11:13:44 Token Is Generated!
INFO  07:34:27 Application started. Press Ctrl+C to shut down.
INFO  07:34:27 Application started. Press Ctrl+C to shut down.
INFO  07:34:27 Hosting environment: Development
INFO  07:34:27 Hosting environment: Development
INFO  07:34:27 Content root path: C:\Stage -3 and 4\Policy-Administration-System\Authorization\Authorization
INFO  07:34:27 Content root path: C:\Stage -3 and 4\Policy-Administration-System\Authorization\Authorization
INFO  07:34:56 Login initiated!
INFO  07:34:56 Validating the Agent!
INFO  07:35:12 Login initiated!
INFO  07:35:12 Validating the Agent!
INFO  07:35:12 Token Is Generated!
INFO  07:47:15 Login initiated!
INFO  07:47:15 Validating the Agent!
INFO  07:47:15 Token Is Generated!
INFO  07:52:25 Login initiated!
INFO  07:52:25 Validating the Agent!
INFO  07:52:25 Token Is Generated!
INFO  07:54:46 Login initiated!
INFO  07:54:46 Validating the Agent!
INFO  07:54:46 Token Is Generated!
INFO  08:07:07 Login initiated!
INFO  08:07:07 Validating the Agent!
INFO  08:07:07 Token Is Generated!
INFO  08:08:34 Login initiated!
INFO  08:08:34 Validating the Agent!
INFO  08:08:34 Token Is Generated!
INFO  08:10:31 Login initiated!
INFO  08:10:31 Validating the Agent!
INFO  08:10:31 Token Is Generated!
INFO  08:14:15 Login initiated!
INFO  08:14:15 Validating the Agent!
INFO  08:14:15 Token Is Generated!
INFO  08:22:21 Login initiated!
INFO  08:22:21 Validating the Agent!
INFO  08:22:21 Token Is Generated!
INFO  08:28:55 Login initiated!
INFO  08:28:55 Validating the Agent!
INFO  08:28:55 Token Is Generated!
INFO  08:33:23 Login initiated!
INFO  08:33:23 Validating the Agent!
INFO  08:33:23 Token Is Generated!
INFO  08:42:08 Login initiated!
INFO  08:42:08 Validating the Agent!
INFO  08:42:08 Token Is Generated!
INFO  08:48:19 Login initiated!
INFO  08:48:19 Validating the Agent!
INFO  08:48:19 Token Is Generated!
INFO  08:50:46 Login initiated!
INFO  08:50:46 Validating the Agent!
INFO  08:50:46 Token Is Generated!
INFO  08:59:47 Login initiated!
INFO  08:59:47 Validating the Agent!
INFO  08:59:47 Token Is Generated!
INFO  03:30:35 Application started. Press Ctrl+C to shut down.
INFO  03:30:35 Application started. Press Ctrl+C to shut down.
INFO  03:30:35 Hosting environment: Development
INFO  03:30:35 Hosting environment: Development
INFO  03:30:35 Content root path: C:\Stage -3 and 4\Policy-Administration-System\Authorization\Authorization
INFO  03:30:35 Content root path: C:\Stage -3 and 4\Policy-Administration-System\Authorization\Authorization
INFO  03:31:30 Login initiated!
INFO  03:31:30 Validating the Agent!
INFO  03:31:30 Token Is Generated!
INFO  03:50:58 Login initiated!
INFO  03:50:58 Validating the Agent!
INFO  03:50:58 Token Is Generated!
INFO  03:56:00 Login initiated!
INFO  03:56:00 Validating the Agent!
INFO  03:56:00 Token Is Generated!
INFO  03:59:24 Login initiated!
INFO  03:59:24 Validating the Agent!
INFO  03:59:24 Token Is Generated!
INFO  04:06:27 Login initiated!
INFO  04:06:27 Validating the Agent!
INFO  04:06:27 Token Is Generated!
INFO  04:08:29 Login initiated!
INFO  04:08:29 Validating the Agent!
INFO  04:08:29 Token Is Generated!
INFO  04:36:38 Login initiated!
INFO  04:36:38 Validating the Agent!
INFO  04:36:38 Token Is Generated!
INFO  05:40:47 Login initiated!
INFO  05:40:47 Validating the Agent!
INFO  05:40:47 Token Is Generated!
INFO  05:45:22 Login initiated!
INFO  05:45:22 Validating the Agent!
INFO  05:45:22 Token Is Generated!
INFO  05:46:43 Login initiated!
INFO  05:46:43 Validating the Agent!
INFO  05:46:43 Token Is Generated!
INFO  05:48:05 Login initiated!
INFO  05:48:05 Validating the Agent!
INFO  05:48:05 Token Is Generated!
